{"/Users/janmarccoloma/Documents/MyProjects/portfolio/n8n-nodes-lemonsqueezy/credentials/LemonSqueezyApi.credentials.ts": {"path":"/Users/janmarccoloma/Documents/MyProjects/portfolio/n8n-nodes-lemonsqueezy/credentials/LemonSqueezyApi.credentials.ts","all":false,"statementMap":{"0":{"start":{"line":1,"column":0},"end":{"line":1,"column":13}},"1":{"start":{"line":2,"column":0},"end":{"line":2,"column":23}},"2":{"start":{"line":3,"column":0},"end":{"line":3,"column":25}},"3":{"start":{"line":4,"column":0},"end":{"line":4,"column":18}},"4":{"start":{"line":5,"column":0},"end":{"line":5,"column":18}},"5":{"start":{"line":6,"column":0},"end":{"line":6,"column":22}},"6":{"start":{"line":7,"column":0},"end":{"line":7,"column":0}},"7":{"start":{"line":8,"column":0},"end":{"line":8,"column":57}},"8":{"start":{"line":9,"column":0},"end":{"line":9,"column":27}},"9":{"start":{"line":10,"column":0},"end":{"line":10,"column":36}},"10":{"start":{"line":11,"column":0},"end":{"line":11,"column":42}},"11":{"start":{"line":12,"column":0},"end":{"line":12,"column":57}},"12":{"start":{"line":13,"column":0},"end":{"line":13,"column":35}},"13":{"start":{"line":14,"column":0},"end":{"line":14,"column":5}},"14":{"start":{"line":15,"column":0},"end":{"line":15,"column":29}},"15":{"start":{"line":16,"column":0},"end":{"line":16,"column":21}},"16":{"start":{"line":17,"column":0},"end":{"line":17,"column":21}},"17":{"start":{"line":18,"column":0},"end":{"line":18,"column":38}},"18":{"start":{"line":19,"column":0},"end":{"line":19,"column":18}},"19":{"start":{"line":20,"column":0},"end":{"line":20,"column":21}},"20":{"start":{"line":21,"column":0},"end":{"line":21,"column":50}},"21":{"start":{"line":22,"column":0},"end":{"line":22,"column":56}},"22":{"start":{"line":23,"column":0},"end":{"line":23,"column":18}},"23":{"start":{"line":24,"column":0},"end":{"line":24,"column":129}},"24":{"start":{"line":25,"column":0},"end":{"line":25,"column":6}},"25":{"start":{"line":26,"column":0},"end":{"line":26,"column":4}},"26":{"start":{"line":27,"column":0},"end":{"line":27,"column":0}},"27":{"start":{"line":28,"column":0},"end":{"line":28,"column":40}},"28":{"start":{"line":29,"column":0},"end":{"line":29,"column":20}},"29":{"start":{"line":30,"column":0},"end":{"line":30,"column":17}},"30":{"start":{"line":31,"column":0},"end":{"line":31,"column":16}},"31":{"start":{"line":32,"column":0},"end":{"line":32,"column":57}},"32":{"start":{"line":33,"column":0},"end":{"line":33,"column":43}},"33":{"start":{"line":34,"column":0},"end":{"line":34,"column":51}},"34":{"start":{"line":35,"column":0},"end":{"line":35,"column":8}},"35":{"start":{"line":36,"column":0},"end":{"line":36,"column":6}},"36":{"start":{"line":37,"column":0},"end":{"line":37,"column":4}},"37":{"start":{"line":38,"column":0},"end":{"line":38,"column":0}},"38":{"start":{"line":39,"column":0},"end":{"line":39,"column":34}},"39":{"start":{"line":40,"column":0},"end":{"line":40,"column":14}},"40":{"start":{"line":41,"column":0},"end":{"line":41,"column":49}},"41":{"start":{"line":42,"column":0},"end":{"line":42,"column":23}},"42":{"start":{"line":43,"column":0},"end":{"line":43,"column":6}},"43":{"start":{"line":44,"column":0},"end":{"line":44,"column":4}},"44":{"start":{"line":45,"column":0},"end":{"line":45,"column":1}}},"s":{"0":1,"1":1,"2":1,"3":1,"4":1,"5":1,"6":1,"7":1,"8":1,"9":1,"10":1,"11":1,"12":1,"13":1,"14":1,"15":1,"16":1,"17":1,"18":1,"19":1,"20":1,"21":1,"22":1,"23":1,"24":1,"25":1,"26":1,"27":1,"28":1,"29":1,"30":1,"31":1,"32":1,"33":1,"34":1,"35":1,"36":1,"37":1,"38":1,"39":1,"40":1,"41":1,"42":1,"43":1,"44":1},"branchMap":{"0":{"type":"branch","line":8,"loc":{"start":{"line":8,"column":7},"end":{"line":44,"column":4}},"locations":[{"start":{"line":8,"column":7},"end":{"line":44,"column":4}}]}},"b":{"0":[1]},"fnMap":{"0":{"name":"LemonSqueezyApi","decl":{"start":{"line":8,"column":7},"end":{"line":44,"column":4}},"loc":{"start":{"line":8,"column":7},"end":{"line":44,"column":4}},"line":8}},"f":{"0":1}}
,"/Users/janmarccoloma/Documents/MyProjects/portfolio/n8n-nodes-lemonsqueezy/nodes/LemonSqueezy/constants.ts": {"path":"/Users/janmarccoloma/Documents/MyProjects/portfolio/n8n-nodes-lemonsqueezy/nodes/LemonSqueezy/constants.ts","all":false,"statementMap":{"0":{"start":{"line":1,"column":0},"end":{"line":1,"column":3}},"1":{"start":{"line":2,"column":0},"end":{"line":2,"column":30}},"2":{"start":{"line":3,"column":0},"end":{"line":3,"column":3}},"3":{"start":{"line":4,"column":0},"end":{"line":4,"column":0}},"4":{"start":{"line":5,"column":0},"end":{"line":5,"column":62}},"5":{"start":{"line":6,"column":0},"end":{"line":6,"column":0}},"6":{"start":{"line":7,"column":0},"end":{"line":7,"column":37}},"7":{"start":{"line":8,"column":0},"end":{"line":8,"column":0}},"8":{"start":{"line":9,"column":0},"end":{"line":9,"column":29}},"9":{"start":{"line":10,"column":0},"end":{"line":10,"column":0}},"10":{"start":{"line":11,"column":0},"end":{"line":11,"column":35}},"11":{"start":{"line":12,"column":0},"end":{"line":12,"column":0}},"12":{"start":{"line":13,"column":0},"end":{"line":13,"column":41}},"13":{"start":{"line":14,"column":0},"end":{"line":14,"column":0}},"14":{"start":{"line":15,"column":0},"end":{"line":15,"column":3}},"15":{"start":{"line":16,"column":0},"end":{"line":16,"column":35}},"16":{"start":{"line":17,"column":0},"end":{"line":17,"column":3}},"17":{"start":{"line":18,"column":0},"end":{"line":18,"column":59}},"18":{"start":{"line":19,"column":0},"end":{"line":19,"column":22}},"19":{"start":{"line":20,"column":0},"end":{"line":20,"column":18}},"20":{"start":{"line":21,"column":0},"end":{"line":21,"column":27}},"21":{"start":{"line":22,"column":0},"end":{"line":22,"column":32}},"22":{"start":{"line":23,"column":0},"end":{"line":23,"column":47}},"23":{"start":{"line":24,"column":0},"end":{"line":24,"column":24}},"24":{"start":{"line":25,"column":0},"end":{"line":25,"column":29}},"25":{"start":{"line":26,"column":0},"end":{"line":26,"column":46}},"26":{"start":{"line":27,"column":0},"end":{"line":27,"column":24}},"27":{"start":{"line":28,"column":0},"end":{"line":28,"column":45}},"28":{"start":{"line":29,"column":0},"end":{"line":29,"column":18}},"29":{"start":{"line":30,"column":0},"end":{"line":30,"column":22}},"30":{"start":{"line":31,"column":0},"end":{"line":31,"column":24}},"31":{"start":{"line":32,"column":0},"end":{"line":32,"column":22}},"32":{"start":{"line":33,"column":0},"end":{"line":33,"column":31}},"33":{"start":{"line":34,"column":0},"end":{"line":34,"column":16}},"34":{"start":{"line":35,"column":0},"end":{"line":35,"column":2}},"35":{"start":{"line":36,"column":0},"end":{"line":36,"column":0}},"36":{"start":{"line":37,"column":0},"end":{"line":37,"column":3}},"37":{"start":{"line":38,"column":0},"end":{"line":38,"column":35}},"38":{"start":{"line":39,"column":0},"end":{"line":39,"column":3}},"39":{"start":{"line":40,"column":0},"end":{"line":40,"column":59}},"40":{"start":{"line":41,"column":0},"end":{"line":41,"column":23}},"41":{"start":{"line":42,"column":0},"end":{"line":42,"column":19}},"42":{"start":{"line":43,"column":0},"end":{"line":43,"column":27}},"43":{"start":{"line":44,"column":0},"end":{"line":44,"column":33}},"44":{"start":{"line":45,"column":0},"end":{"line":45,"column":47}},"45":{"start":{"line":46,"column":0},"end":{"line":46,"column":25}},"46":{"start":{"line":47,"column":0},"end":{"line":47,"column":29}},"47":{"start":{"line":48,"column":0},"end":{"line":48,"column":45}},"48":{"start":{"line":49,"column":0},"end":{"line":49,"column":25}},"49":{"start":{"line":50,"column":0},"end":{"line":50,"column":45}},"50":{"start":{"line":51,"column":0},"end":{"line":51,"column":19}},"51":{"start":{"line":52,"column":0},"end":{"line":52,"column":23}},"52":{"start":{"line":53,"column":0},"end":{"line":53,"column":25}},"53":{"start":{"line":54,"column":0},"end":{"line":54,"column":23}},"54":{"start":{"line":55,"column":0},"end":{"line":55,"column":31}},"55":{"start":{"line":56,"column":0},"end":{"line":56,"column":2}},"56":{"start":{"line":57,"column":0},"end":{"line":57,"column":0}},"57":{"start":{"line":58,"column":0},"end":{"line":58,"column":3}},"58":{"start":{"line":59,"column":0},"end":{"line":59,"column":40}},"59":{"start":{"line":60,"column":0},"end":{"line":60,"column":3}},"60":{"start":{"line":61,"column":0},"end":{"line":61,"column":31}},"61":{"start":{"line":62,"column":0},"end":{"line":62,"column":3}},"62":{"start":{"line":63,"column":0},"end":{"line":63,"column":26}},"63":{"start":{"line":64,"column":0},"end":{"line":64,"column":27}},"64":{"start":{"line":65,"column":0},"end":{"line":65,"column":57}},"65":{"start":{"line":66,"column":0},"end":{"line":66,"column":4}},"66":{"start":{"line":67,"column":0},"end":{"line":67,"column":3}},"67":{"start":{"line":68,"column":0},"end":{"line":68,"column":27}},"68":{"start":{"line":69,"column":0},"end":{"line":69,"column":28}},"69":{"start":{"line":70,"column":0},"end":{"line":70,"column":55}},"70":{"start":{"line":71,"column":0},"end":{"line":71,"column":4}},"71":{"start":{"line":72,"column":0},"end":{"line":72,"column":3}},"72":{"start":{"line":73,"column":0},"end":{"line":73,"column":33}},"73":{"start":{"line":74,"column":0},"end":{"line":74,"column":34}},"74":{"start":{"line":75,"column":0},"end":{"line":75,"column":64}},"75":{"start":{"line":76,"column":0},"end":{"line":76,"column":4}},"76":{"start":{"line":77,"column":0},"end":{"line":77,"column":3}},"77":{"start":{"line":78,"column":0},"end":{"line":78,"column":33}},"78":{"start":{"line":79,"column":0},"end":{"line":79,"column":34}},"79":{"start":{"line":80,"column":0},"end":{"line":80,"column":60}},"80":{"start":{"line":81,"column":0},"end":{"line":81,"column":4}},"81":{"start":{"line":82,"column":0},"end":{"line":82,"column":3}},"82":{"start":{"line":83,"column":0},"end":{"line":83,"column":35}},"83":{"start":{"line":84,"column":0},"end":{"line":84,"column":36}},"84":{"start":{"line":85,"column":0},"end":{"line":85,"column":62}},"85":{"start":{"line":86,"column":0},"end":{"line":86,"column":4}},"86":{"start":{"line":87,"column":0},"end":{"line":87,"column":3}},"87":{"start":{"line":88,"column":0},"end":{"line":88,"column":33}},"88":{"start":{"line":89,"column":0},"end":{"line":89,"column":34}},"89":{"start":{"line":90,"column":0},"end":{"line":90,"column":60}},"90":{"start":{"line":91,"column":0},"end":{"line":91,"column":4}},"91":{"start":{"line":92,"column":0},"end":{"line":92,"column":3}},"92":{"start":{"line":93,"column":0},"end":{"line":93,"column":33}},"93":{"start":{"line":94,"column":0},"end":{"line":94,"column":34}},"94":{"start":{"line":95,"column":0},"end":{"line":95,"column":57}},"95":{"start":{"line":96,"column":0},"end":{"line":96,"column":4}},"96":{"start":{"line":97,"column":0},"end":{"line":97,"column":3}},"97":{"start":{"line":98,"column":0},"end":{"line":98,"column":32}},"98":{"start":{"line":99,"column":0},"end":{"line":99,"column":33}},"99":{"start":{"line":100,"column":0},"end":{"line":100,"column":59}},"100":{"start":{"line":101,"column":0},"end":{"line":101,"column":4}},"101":{"start":{"line":102,"column":0},"end":{"line":102,"column":3}},"102":{"start":{"line":103,"column":0},"end":{"line":103,"column":34}},"103":{"start":{"line":104,"column":0},"end":{"line":104,"column":35}},"104":{"start":{"line":105,"column":0},"end":{"line":105,"column":61}},"105":{"start":{"line":106,"column":0},"end":{"line":106,"column":4}},"106":{"start":{"line":107,"column":0},"end":{"line":107,"column":3}},"107":{"start":{"line":108,"column":0},"end":{"line":108,"column":41}},"108":{"start":{"line":109,"column":0},"end":{"line":109,"column":42}},"109":{"start":{"line":110,"column":0},"end":{"line":110,"column":66}},"110":{"start":{"line":111,"column":0},"end":{"line":111,"column":4}},"111":{"start":{"line":112,"column":0},"end":{"line":112,"column":3}},"112":{"start":{"line":113,"column":0},"end":{"line":113,"column":40}},"113":{"start":{"line":114,"column":0},"end":{"line":114,"column":41}},"114":{"start":{"line":115,"column":0},"end":{"line":115,"column":63}},"115":{"start":{"line":116,"column":0},"end":{"line":116,"column":4}},"116":{"start":{"line":117,"column":0},"end":{"line":117,"column":3}},"117":{"start":{"line":118,"column":0},"end":{"line":118,"column":43}},"118":{"start":{"line":119,"column":0},"end":{"line":119,"column":44}},"119":{"start":{"line":120,"column":0},"end":{"line":120,"column":64}},"120":{"start":{"line":121,"column":0},"end":{"line":121,"column":4}},"121":{"start":{"line":122,"column":0},"end":{"line":122,"column":3}},"122":{"start":{"line":123,"column":0},"end":{"line":123,"column":42}},"123":{"start":{"line":124,"column":0},"end":{"line":124,"column":43}},"124":{"start":{"line":125,"column":0},"end":{"line":125,"column":69}},"125":{"start":{"line":126,"column":0},"end":{"line":126,"column":4}},"126":{"start":{"line":127,"column":0},"end":{"line":127,"column":3}},"127":{"start":{"line":128,"column":0},"end":{"line":128,"column":32}},"128":{"start":{"line":129,"column":0},"end":{"line":129,"column":33}},"129":{"start":{"line":130,"column":0},"end":{"line":130,"column":59}},"130":{"start":{"line":131,"column":0},"end":{"line":131,"column":4}},"131":{"start":{"line":132,"column":0},"end":{"line":132,"column":3}},"132":{"start":{"line":133,"column":0},"end":{"line":133,"column":32}},"133":{"start":{"line":134,"column":0},"end":{"line":134,"column":33}},"134":{"start":{"line":135,"column":0},"end":{"line":135,"column":59}},"135":{"start":{"line":136,"column":0},"end":{"line":136,"column":4}},"136":{"start":{"line":137,"column":0},"end":{"line":137,"column":2}},"137":{"start":{"line":138,"column":0},"end":{"line":138,"column":0}},"138":{"start":{"line":139,"column":0},"end":{"line":139,"column":3}},"139":{"start":{"line":140,"column":0},"end":{"line":140,"column":24}},"140":{"start":{"line":141,"column":0},"end":{"line":141,"column":3}},"141":{"start":{"line":142,"column":0},"end":{"line":142,"column":38}},"142":{"start":{"line":143,"column":0},"end":{"line":143,"column":42}},"143":{"start":{"line":144,"column":0},"end":{"line":144,"column":38}},"144":{"start":{"line":145,"column":0},"end":{"line":145,"column":38}},"145":{"start":{"line":146,"column":0},"end":{"line":146,"column":42}},"146":{"start":{"line":147,"column":0},"end":{"line":147,"column":38}},"147":{"start":{"line":148,"column":0},"end":{"line":148,"column":44}},"148":{"start":{"line":149,"column":0},"end":{"line":149,"column":40}},"149":{"start":{"line":150,"column":0},"end":{"line":150,"column":2}},"150":{"start":{"line":151,"column":0},"end":{"line":151,"column":0}},"151":{"start":{"line":152,"column":0},"end":{"line":152,"column":3}},"152":{"start":{"line":153,"column":0},"end":{"line":153,"column":17}},"153":{"start":{"line":154,"column":0},"end":{"line":154,"column":3}},"154":{"start":{"line":155,"column":0},"end":{"line":155,"column":31}},"155":{"start":{"line":156,"column":0},"end":{"line":156,"column":40}},"156":{"start":{"line":157,"column":0},"end":{"line":157,"column":38}},"157":{"start":{"line":158,"column":0},"end":{"line":158,"column":34}},"158":{"start":{"line":159,"column":0},"end":{"line":159,"column":42}},"159":{"start":{"line":160,"column":0},"end":{"line":160,"column":2}},"160":{"start":{"line":161,"column":0},"end":{"line":161,"column":0}},"161":{"start":{"line":162,"column":0},"end":{"line":162,"column":3}},"162":{"start":{"line":163,"column":0},"end":{"line":163,"column":20}},"163":{"start":{"line":164,"column":0},"end":{"line":164,"column":3}},"164":{"start":{"line":165,"column":0},"end":{"line":165,"column":34}},"165":{"start":{"line":166,"column":0},"end":{"line":166,"column":46}},"166":{"start":{"line":167,"column":0},"end":{"line":167,"column":50}},"167":{"start":{"line":168,"column":0},"end":{"line":168,"column":42}},"168":{"start":{"line":169,"column":0},"end":{"line":169,"column":68}},"169":{"start":{"line":170,"column":0},"end":{"line":170,"column":52}},"170":{"start":{"line":171,"column":0},"end":{"line":171,"column":40}},"171":{"start":{"line":172,"column":0},"end":{"line":172,"column":2}},"172":{"start":{"line":173,"column":0},"end":{"line":173,"column":0}},"173":{"start":{"line":174,"column":0},"end":{"line":174,"column":3}},"174":{"start":{"line":175,"column":0},"end":{"line":175,"column":23}},"175":{"start":{"line":176,"column":0},"end":{"line":176,"column":3}},"176":{"start":{"line":177,"column":0},"end":{"line":177,"column":37}},"177":{"start":{"line":178,"column":0},"end":{"line":178,"column":42}},"178":{"start":{"line":179,"column":0},"end":{"line":179,"column":38}},"179":{"start":{"line":180,"column":0},"end":{"line":180,"column":40}},"180":{"start":{"line":181,"column":0},"end":{"line":181,"column":42}},"181":{"start":{"line":182,"column":0},"end":{"line":182,"column":2}},"182":{"start":{"line":183,"column":0},"end":{"line":183,"column":0}},"183":{"start":{"line":184,"column":0},"end":{"line":184,"column":3}},"184":{"start":{"line":185,"column":0},"end":{"line":185,"column":17}},"185":{"start":{"line":186,"column":0},"end":{"line":186,"column":3}},"186":{"start":{"line":187,"column":0},"end":{"line":187,"column":38}},"187":{"start":{"line":188,"column":0},"end":{"line":188,"column":40}},"188":{"start":{"line":189,"column":0},"end":{"line":189,"column":36}},"189":{"start":{"line":190,"column":0},"end":{"line":190,"column":2}},"190":{"start":{"line":191,"column":0},"end":{"line":191,"column":0}},"191":{"start":{"line":192,"column":0},"end":{"line":192,"column":3}},"192":{"start":{"line":193,"column":0},"end":{"line":193,"column":26}},"193":{"start":{"line":194,"column":0},"end":{"line":194,"column":3}},"194":{"start":{"line":195,"column":0},"end":{"line":195,"column":40}},"195":{"start":{"line":196,"column":0},"end":{"line":196,"column":84}},"196":{"start":{"line":197,"column":0},"end":{"line":197,"column":3}},"197":{"start":{"line":198,"column":0},"end":{"line":198,"column":22}},"198":{"start":{"line":199,"column":0},"end":{"line":199,"column":23}},"199":{"start":{"line":200,"column":0},"end":{"line":200,"column":60}},"200":{"start":{"line":201,"column":0},"end":{"line":201,"column":4}},"201":{"start":{"line":202,"column":0},"end":{"line":202,"column":80}},"202":{"start":{"line":203,"column":0},"end":{"line":203,"column":2}},"203":{"start":{"line":204,"column":0},"end":{"line":204,"column":0}},"204":{"start":{"line":205,"column":0},"end":{"line":205,"column":3}},"205":{"start":{"line":206,"column":0},"end":{"line":206,"column":32}},"206":{"start":{"line":207,"column":0},"end":{"line":207,"column":3}},"207":{"start":{"line":208,"column":0},"end":{"line":208,"column":28}},"208":{"start":{"line":209,"column":0},"end":{"line":209,"column":87}},"209":{"start":{"line":210,"column":0},"end":{"line":210,"column":89}},"210":{"start":{"line":211,"column":0},"end":{"line":211,"column":88}},"211":{"start":{"line":212,"column":0},"end":{"line":212,"column":2}},"212":{"start":{"line":213,"column":0},"end":{"line":213,"column":0}},"213":{"start":{"line":214,"column":0},"end":{"line":214,"column":3}},"214":{"start":{"line":215,"column":0},"end":{"line":215,"column":19}},"215":{"start":{"line":216,"column":0},"end":{"line":216,"column":3}},"216":{"start":{"line":217,"column":0},"end":{"line":217,"column":33}},"217":{"start":{"line":218,"column":0},"end":{"line":218,"column":36}},"218":{"start":{"line":219,"column":0},"end":{"line":219,"column":44}},"219":{"start":{"line":220,"column":0},"end":{"line":220,"column":2}},"220":{"start":{"line":221,"column":0},"end":{"line":221,"column":0}},"221":{"start":{"line":222,"column":0},"end":{"line":222,"column":3}},"222":{"start":{"line":223,"column":0},"end":{"line":223,"column":35}},"223":{"start":{"line":224,"column":0},"end":{"line":224,"column":3}},"224":{"start":{"line":225,"column":0},"end":{"line":225,"column":31}},"225":{"start":{"line":226,"column":0},"end":{"line":226,"column":32}},"226":{"start":{"line":227,"column":0},"end":{"line":227,"column":34}},"227":{"start":{"line":228,"column":0},"end":{"line":228,"column":36}},"228":{"start":{"line":229,"column":0},"end":{"line":229,"column":34}},"229":{"start":{"line":230,"column":0},"end":{"line":230,"column":2}}},"s":{"0":1,"1":1,"2":1,"3":1,"4":1,"5":1,"6":1,"7":1,"8":1,"9":1,"10":1,"11":1,"12":1,"13":1,"14":1,"15":1,"16":1,"17":1,"18":1,"19":1,"20":1,"21":1,"22":1,"23":1,"24":1,"25":1,"26":1,"27":1,"28":1,"29":1,"30":1,"31":1,"32":1,"33":1,"34":1,"35":1,"36":1,"37":1,"38":1,"39":1,"40":1,"41":1,"42":1,"43":1,"44":1,"45":1,"46":1,"47":1,"48":1,"49":1,"50":1,"51":1,"52":1,"53":1,"54":1,"55":1,"56":1,"57":1,"58":1,"59":1,"60":1,"61":1,"62":1,"63":1,"64":1,"65":1,"66":1,"67":1,"68":1,"69":1,"70":1,"71":1,"72":1,"73":1,"74":1,"75":1,"76":1,"77":1,"78":1,"79":1,"80":1,"81":1,"82":1,"83":1,"84":1,"85":1,"86":1,"87":1,"88":1,"89":1,"90":1,"91":1,"92":1,"93":1,"94":1,"95":1,"96":1,"97":1,"98":1,"99":1,"100":1,"101":1,"102":1,"103":1,"104":1,"105":1,"106":1,"107":1,"108":1,"109":1,"110":1,"111":1,"112":1,"113":1,"114":1,"115":1,"116":1,"117":1,"118":1,"119":1,"120":1,"121":1,"122":1,"123":1,"124":1,"125":1,"126":1,"127":1,"128":1,"129":1,"130":1,"131":1,"132":1,"133":1,"134":1,"135":1,"136":1,"137":1,"138":1,"139":1,"140":1,"141":1,"142":1,"143":1,"144":1,"145":1,"146":1,"147":1,"148":1,"149":1,"150":1,"151":1,"152":1,"153":1,"154":1,"155":1,"156":1,"157":1,"158":1,"159":1,"160":1,"161":1,"162":1,"163":1,"164":1,"165":1,"166":1,"167":1,"168":1,"169":1,"170":1,"171":1,"172":1,"173":1,"174":1,"175":1,"176":1,"177":1,"178":1,"179":1,"180":1,"181":1,"182":1,"183":1,"184":1,"185":1,"186":1,"187":1,"188":1,"189":1,"190":1,"191":1,"192":1,"193":1,"194":1,"195":1,"196":1,"197":1,"198":1,"199":1,"200":1,"201":1,"202":1,"203":1,"204":1,"205":1,"206":1,"207":1,"208":1,"209":1,"210":1,"211":1,"212":1,"213":1,"214":1,"215":1,"216":1,"217":1,"218":1,"219":1,"220":1,"221":1,"222":1,"223":1,"224":1,"225":1,"226":1,"227":1,"228":1,"229":1},"branchMap":{},"b":{},"fnMap":{},"f":{}}
,"/Users/janmarccoloma/Documents/MyProjects/portfolio/n8n-nodes-lemonsqueezy/nodes/LemonSqueezy/helpers.ts": {"path":"/Users/janmarccoloma/Documents/MyProjects/portfolio/n8n-nodes-lemonsqueezy/nodes/LemonSqueezy/helpers.ts","all":false,"statementMap":{"0":{"start":{"line":1,"column":0},"end":{"line":1,"column":33}},"1":{"start":{"line":2,"column":0},"end":{"line":2,"column":13}},"2":{"start":{"line":3,"column":0},"end":{"line":3,"column":20}},"3":{"start":{"line":4,"column":0},"end":{"line":4,"column":20}},"4":{"start":{"line":5,"column":0},"end":{"line":5,"column":17}},"5":{"start":{"line":6,"column":0},"end":{"line":6,"column":22}},"6":{"start":{"line":7,"column":0},"end":{"line":7,"column":14}},"7":{"start":{"line":8,"column":0},"end":{"line":8,"column":13}},"8":{"start":{"line":9,"column":0},"end":{"line":9,"column":22}},"9":{"start":{"line":10,"column":0},"end":{"line":10,"column":44}},"10":{"start":{"line":11,"column":0},"end":{"line":11,"column":8}},"11":{"start":{"line":12,"column":0},"end":{"line":12,"column":15}},"12":{"start":{"line":13,"column":0},"end":{"line":13,"column":20}},"13":{"start":{"line":14,"column":0},"end":{"line":14,"column":14}},"14":{"start":{"line":15,"column":0},"end":{"line":15,"column":17}},"15":{"start":{"line":16,"column":0},"end":{"line":16,"column":22}},"16":{"start":{"line":17,"column":0},"end":{"line":17,"column":21}},"17":{"start":{"line":18,"column":0},"end":{"line":18,"column":52}},"18":{"start":{"line":19,"column":0},"end":{"line":19,"column":0}},"19":{"start":{"line":20,"column":0},"end":{"line":20,"column":79}},"20":{"start":{"line":21,"column":0},"end":{"line":21,"column":21}},"21":{"start":{"line":22,"column":0},"end":{"line":22,"column":79}},"22":{"start":{"line":23,"column":0},"end":{"line":23,"column":0}},"23":{"start":{"line":24,"column":0},"end":{"line":24,"column":3}},"24":{"start":{"line":25,"column":0},"end":{"line":25,"column":24}},"25":{"start":{"line":26,"column":0},"end":{"line":26,"column":3}},"26":{"start":{"line":27,"column":0},"end":{"line":27,"column":54}},"27":{"start":{"line":28,"column":0},"end":{"line":28,"column":50}},"28":{"start":{"line":29,"column":0},"end":{"line":29,"column":32}},"29":{"start":{"line":30,"column":0},"end":{"line":30,"column":1}},"30":{"start":{"line":31,"column":0},"end":{"line":31,"column":0}},"31":{"start":{"line":32,"column":0},"end":{"line":32,"column":3}},"32":{"start":{"line":33,"column":0},"end":{"line":33,"column":22}},"33":{"start":{"line":34,"column":0},"end":{"line":34,"column":3}},"34":{"start":{"line":35,"column":0},"end":{"line":35,"column":50}},"35":{"start":{"line":36,"column":0},"end":{"line":36,"column":7}},"36":{"start":{"line":37,"column":0},"end":{"line":37,"column":17}},"37":{"start":{"line":38,"column":0},"end":{"line":38,"column":16}},"38":{"start":{"line":39,"column":0},"end":{"line":39,"column":11}},"39":{"start":{"line":40,"column":0},"end":{"line":40,"column":17}},"40":{"start":{"line":41,"column":0},"end":{"line":41,"column":3}},"41":{"start":{"line":42,"column":0},"end":{"line":42,"column":1}},"42":{"start":{"line":43,"column":0},"end":{"line":43,"column":0}},"43":{"start":{"line":44,"column":0},"end":{"line":44,"column":3}},"44":{"start":{"line":45,"column":0},"end":{"line":45,"column":32}},"45":{"start":{"line":46,"column":0},"end":{"line":46,"column":3}},"46":{"start":{"line":47,"column":0},"end":{"line":47,"column":61}},"47":{"start":{"line":48,"column":0},"end":{"line":48,"column":36}},"48":{"start":{"line":49,"column":0},"end":{"line":49,"column":60}},"49":{"start":{"line":50,"column":0},"end":{"line":50,"column":1}},"50":{"start":{"line":51,"column":0},"end":{"line":51,"column":0}},"51":{"start":{"line":52,"column":0},"end":{"line":52,"column":3}},"52":{"start":{"line":53,"column":0},"end":{"line":53,"column":46}},"53":{"start":{"line":54,"column":0},"end":{"line":54,"column":3}},"54":{"start":{"line":55,"column":0},"end":{"line":55,"column":60}},"55":{"start":{"line":56,"column":0},"end":{"line":56,"column":75}},"56":{"start":{"line":57,"column":0},"end":{"line":57,"column":1}},"57":{"start":{"line":58,"column":0},"end":{"line":58,"column":0}},"58":{"start":{"line":59,"column":0},"end":{"line":59,"column":3}},"59":{"start":{"line":60,"column":0},"end":{"line":60,"column":64}},"60":{"start":{"line":61,"column":0},"end":{"line":61,"column":3}},"61":{"start":{"line":62,"column":0},"end":{"line":62,"column":30}},"62":{"start":{"line":63,"column":0},"end":{"line":63,"column":20}},"63":{"start":{"line":64,"column":0},"end":{"line":64,"column":17}},"64":{"start":{"line":65,"column":0},"end":{"line":65,"column":76}},"65":{"start":{"line":66,"column":0},"end":{"line":66,"column":9}},"66":{"start":{"line":67,"column":0},"end":{"line":67,"column":38}},"67":{"start":{"line":68,"column":0},"end":{"line":68,"column":64}},"68":{"start":{"line":69,"column":0},"end":{"line":69,"column":50}},"69":{"start":{"line":70,"column":0},"end":{"line":70,"column":5}},"70":{"start":{"line":71,"column":0},"end":{"line":71,"column":11}},"71":{"start":{"line":72,"column":0},"end":{"line":72,"column":3}},"72":{"start":{"line":73,"column":0},"end":{"line":73,"column":0}},"73":{"start":{"line":74,"column":0},"end":{"line":74,"column":76}},"74":{"start":{"line":75,"column":0},"end":{"line":75,"column":62}},"75":{"start":{"line":76,"column":0},"end":{"line":76,"column":11}},"76":{"start":{"line":77,"column":0},"end":{"line":77,"column":3}},"77":{"start":{"line":78,"column":0},"end":{"line":78,"column":0}},"78":{"start":{"line":79,"column":0},"end":{"line":79,"column":27}},"79":{"start":{"line":80,"column":0},"end":{"line":80,"column":17}},"80":{"start":{"line":81,"column":0},"end":{"line":81,"column":62}},"81":{"start":{"line":82,"column":0},"end":{"line":82,"column":70}},"82":{"start":{"line":83,"column":0},"end":{"line":83,"column":7}},"83":{"start":{"line":84,"column":0},"end":{"line":84,"column":12}},"84":{"start":{"line":85,"column":0},"end":{"line":85,"column":15}},"85":{"start":{"line":86,"column":0},"end":{"line":86,"column":60}},"86":{"start":{"line":87,"column":0},"end":{"line":87,"column":60}},"87":{"start":{"line":88,"column":0},"end":{"line":88,"column":7}},"88":{"start":{"line":89,"column":0},"end":{"line":89,"column":12}},"89":{"start":{"line":90,"column":0},"end":{"line":90,"column":16}},"90":{"start":{"line":91,"column":0},"end":{"line":91,"column":64}},"91":{"start":{"line":92,"column":0},"end":{"line":92,"column":70}},"92":{"start":{"line":93,"column":0},"end":{"line":93,"column":7}},"93":{"start":{"line":94,"column":0},"end":{"line":94,"column":12}},"94":{"start":{"line":95,"column":0},"end":{"line":95,"column":27}},"95":{"start":{"line":96,"column":0},"end":{"line":96,"column":38}},"96":{"start":{"line":97,"column":0},"end":{"line":97,"column":67}},"97":{"start":{"line":98,"column":0},"end":{"line":98,"column":7}},"98":{"start":{"line":99,"column":0},"end":{"line":99,"column":12}},"99":{"start":{"line":100,"column":0},"end":{"line":100,"column":3}},"100":{"start":{"line":101,"column":0},"end":{"line":101,"column":1}},"101":{"start":{"line":102,"column":0},"end":{"line":102,"column":0}},"102":{"start":{"line":103,"column":0},"end":{"line":103,"column":3}},"103":{"start":{"line":104,"column":0},"end":{"line":104,"column":40}},"104":{"start":{"line":105,"column":0},"end":{"line":105,"column":3}},"105":{"start":{"line":106,"column":0},"end":{"line":106,"column":86}},"106":{"start":{"line":107,"column":0},"end":{"line":107,"column":7}},"107":{"start":{"line":108,"column":0},"end":{"line":108,"column":39}},"108":{"start":{"line":109,"column":0},"end":{"line":109,"column":11}},"109":{"start":{"line":110,"column":0},"end":{"line":110,"column":58}},"110":{"start":{"line":111,"column":0},"end":{"line":111,"column":3}},"111":{"start":{"line":112,"column":0},"end":{"line":112,"column":1}},"112":{"start":{"line":113,"column":0},"end":{"line":113,"column":0}},"113":{"start":{"line":114,"column":0},"end":{"line":114,"column":3}},"114":{"start":{"line":115,"column":0},"end":{"line":115,"column":47}},"115":{"start":{"line":116,"column":0},"end":{"line":116,"column":3}},"116":{"start":{"line":117,"column":0},"end":{"line":117,"column":43}},"117":{"start":{"line":118,"column":0},"end":{"line":118,"column":59}},"118":{"start":{"line":119,"column":0},"end":{"line":119,"column":1}},"119":{"start":{"line":120,"column":0},"end":{"line":120,"column":0}},"120":{"start":{"line":121,"column":0},"end":{"line":121,"column":3}},"121":{"start":{"line":122,"column":0},"end":{"line":122,"column":39}},"122":{"start":{"line":123,"column":0},"end":{"line":123,"column":3}},"123":{"start":{"line":124,"column":0},"end":{"line":124,"column":52}},"124":{"start":{"line":125,"column":0},"end":{"line":125,"column":43}},"125":{"start":{"line":126,"column":0},"end":{"line":126,"column":85}},"126":{"start":{"line":127,"column":0},"end":{"line":127,"column":70}},"127":{"start":{"line":128,"column":0},"end":{"line":128,"column":3}},"128":{"start":{"line":129,"column":0},"end":{"line":129,"column":15}},"129":{"start":{"line":130,"column":0},"end":{"line":130,"column":1}},"130":{"start":{"line":131,"column":0},"end":{"line":131,"column":0}},"131":{"start":{"line":132,"column":0},"end":{"line":132,"column":3}},"132":{"start":{"line":133,"column":0},"end":{"line":133,"column":61}},"133":{"start":{"line":134,"column":0},"end":{"line":134,"column":3}},"134":{"start":{"line":135,"column":0},"end":{"line":135,"column":52}},"135":{"start":{"line":136,"column":0},"end":{"line":136,"column":43}},"136":{"start":{"line":137,"column":0},"end":{"line":137,"column":100}},"137":{"start":{"line":138,"column":0},"end":{"line":138,"column":66}},"138":{"start":{"line":139,"column":0},"end":{"line":139,"column":62}},"139":{"start":{"line":140,"column":0},"end":{"line":140,"column":18}},"140":{"start":{"line":141,"column":0},"end":{"line":141,"column":5}},"141":{"start":{"line":142,"column":0},"end":{"line":142,"column":95}},"142":{"start":{"line":143,"column":0},"end":{"line":143,"column":18}},"143":{"start":{"line":144,"column":0},"end":{"line":144,"column":5}},"144":{"start":{"line":145,"column":0},"end":{"line":145,"column":3}},"145":{"start":{"line":146,"column":0},"end":{"line":146,"column":15}},"146":{"start":{"line":147,"column":0},"end":{"line":147,"column":1}},"147":{"start":{"line":148,"column":0},"end":{"line":148,"column":0}},"148":{"start":{"line":149,"column":0},"end":{"line":149,"column":3}},"149":{"start":{"line":150,"column":0},"end":{"line":150,"column":74}},"150":{"start":{"line":151,"column":0},"end":{"line":151,"column":3}},"151":{"start":{"line":152,"column":0},"end":{"line":152,"column":45}},"152":{"start":{"line":153,"column":0},"end":{"line":153,"column":63}},"153":{"start":{"line":154,"column":0},"end":{"line":154,"column":30}},"154":{"start":{"line":155,"column":0},"end":{"line":155,"column":19}},"155":{"start":{"line":156,"column":0},"end":{"line":156,"column":21}},"156":{"start":{"line":157,"column":0},"end":{"line":157,"column":43}},"157":{"start":{"line":158,"column":0},"end":{"line":158,"column":25}},"158":{"start":{"line":159,"column":0},"end":{"line":159,"column":18}},"159":{"start":{"line":160,"column":0},"end":{"line":160,"column":32}},"160":{"start":{"line":161,"column":0},"end":{"line":161,"column":16}},"161":{"start":{"line":162,"column":0},"end":{"line":162,"column":40}},"162":{"start":{"line":163,"column":0},"end":{"line":163,"column":23}},"163":{"start":{"line":164,"column":0},"end":{"line":164,"column":18}},"164":{"start":{"line":165,"column":0},"end":{"line":165,"column":7}},"165":{"start":{"line":166,"column":0},"end":{"line":166,"column":11}},"166":{"start":{"line":167,"column":0},"end":{"line":167,"column":38}},"167":{"start":{"line":168,"column":0},"end":{"line":168,"column":7}},"168":{"start":{"line":169,"column":0},"end":{"line":169,"column":15}},"169":{"start":{"line":170,"column":0},"end":{"line":170,"column":4}},"170":{"start":{"line":171,"column":0},"end":{"line":171,"column":0}},"171":{"start":{"line":172,"column":0},"end":{"line":172,"column":13}},"172":{"start":{"line":173,"column":0},"end":{"line":173,"column":24}},"173":{"start":{"line":174,"column":0},"end":{"line":174,"column":3}},"174":{"start":{"line":175,"column":0},"end":{"line":175,"column":0}},"175":{"start":{"line":176,"column":0},"end":{"line":176,"column":25}},"176":{"start":{"line":177,"column":0},"end":{"line":177,"column":0}},"177":{"start":{"line":178,"column":0},"end":{"line":178,"column":59}},"178":{"start":{"line":179,"column":0},"end":{"line":179,"column":9}},"179":{"start":{"line":180,"column":0},"end":{"line":180,"column":64}},"180":{"start":{"line":181,"column":0},"end":{"line":181,"column":13}},"181":{"start":{"line":182,"column":0},"end":{"line":182,"column":26}},"182":{"start":{"line":183,"column":0},"end":{"line":183,"column":16}},"183":{"start":{"line":184,"column":0},"end":{"line":184,"column":24}},"184":{"start":{"line":185,"column":0},"end":{"line":185,"column":21}},"185":{"start":{"line":186,"column":0},"end":{"line":186,"column":24}},"186":{"start":{"line":187,"column":0},"end":{"line":187,"column":0}},"187":{"start":{"line":188,"column":0},"end":{"line":188,"column":36}},"188":{"start":{"line":189,"column":0},"end":{"line":189,"column":60}},"189":{"start":{"line":190,"column":0},"end":{"line":190,"column":41}},"190":{"start":{"line":191,"column":0},"end":{"line":191,"column":17}},"191":{"start":{"line":192,"column":0},"end":{"line":192,"column":7}},"192":{"start":{"line":193,"column":0},"end":{"line":193,"column":0}},"193":{"start":{"line":194,"column":0},"end":{"line":194,"column":65}},"194":{"start":{"line":195,"column":0},"end":{"line":195,"column":51}},"195":{"start":{"line":196,"column":0},"end":{"line":196,"column":59}},"196":{"start":{"line":197,"column":0},"end":{"line":197,"column":17}},"197":{"start":{"line":198,"column":0},"end":{"line":198,"column":7}},"198":{"start":{"line":199,"column":0},"end":{"line":199,"column":0}},"199":{"start":{"line":200,"column":0},"end":{"line":200,"column":47}},"200":{"start":{"line":201,"column":0},"end":{"line":201,"column":67}},"201":{"start":{"line":202,"column":0},"end":{"line":202,"column":40}},"202":{"start":{"line":203,"column":0},"end":{"line":203,"column":9}},"203":{"start":{"line":204,"column":0},"end":{"line":204,"column":5}},"204":{"start":{"line":205,"column":0},"end":{"line":205,"column":3}},"205":{"start":{"line":206,"column":0},"end":{"line":206,"column":0}},"206":{"start":{"line":207,"column":0},"end":{"line":207,"column":26}},"207":{"start":{"line":208,"column":0},"end":{"line":208,"column":67}},"208":{"start":{"line":209,"column":0},"end":{"line":209,"column":40}},"209":{"start":{"line":210,"column":0},"end":{"line":210,"column":5}},"210":{"start":{"line":211,"column":0},"end":{"line":211,"column":1}},"211":{"start":{"line":212,"column":0},"end":{"line":212,"column":0}},"212":{"start":{"line":213,"column":0},"end":{"line":213,"column":3}},"213":{"start":{"line":214,"column":0},"end":{"line":214,"column":45}},"214":{"start":{"line":215,"column":0},"end":{"line":215,"column":3}},"215":{"start":{"line":216,"column":0},"end":{"line":216,"column":53}},"216":{"start":{"line":217,"column":0},"end":{"line":217,"column":26}},"217":{"start":{"line":218,"column":0},"end":{"line":218,"column":30}},"218":{"start":{"line":219,"column":0},"end":{"line":219,"column":19}},"219":{"start":{"line":220,"column":0},"end":{"line":220,"column":43}},"220":{"start":{"line":221,"column":0},"end":{"line":221,"column":27}},"221":{"start":{"line":222,"column":0},"end":{"line":222,"column":39}},"222":{"start":{"line":223,"column":0},"end":{"line":223,"column":64}},"223":{"start":{"line":224,"column":0},"end":{"line":224,"column":0}},"224":{"start":{"line":225,"column":0},"end":{"line":225,"column":39}},"225":{"start":{"line":226,"column":0},"end":{"line":226,"column":0}},"226":{"start":{"line":227,"column":0},"end":{"line":227,"column":6}},"227":{"start":{"line":228,"column":0},"end":{"line":228,"column":20}},"228":{"start":{"line":229,"column":0},"end":{"line":229,"column":34}},"229":{"start":{"line":230,"column":0},"end":{"line":230,"column":18}},"230":{"start":{"line":231,"column":0},"end":{"line":231,"column":42}},"231":{"start":{"line":232,"column":0},"end":{"line":232,"column":20}},"232":{"start":{"line":233,"column":0},"end":{"line":233,"column":9}},"233":{"start":{"line":234,"column":0},"end":{"line":234,"column":13}},"234":{"start":{"line":235,"column":0},"end":{"line":235,"column":23}},"235":{"start":{"line":236,"column":0},"end":{"line":236,"column":46}},"236":{"start":{"line":237,"column":0},"end":{"line":237,"column":17}},"237":{"start":{"line":238,"column":0},"end":{"line":238,"column":6}},"238":{"start":{"line":239,"column":0},"end":{"line":239,"column":0}},"239":{"start":{"line":240,"column":0},"end":{"line":240,"column":43}},"240":{"start":{"line":241,"column":0},"end":{"line":241,"column":0}},"241":{"start":{"line":242,"column":0},"end":{"line":242,"column":9}},"242":{"start":{"line":243,"column":0},"end":{"line":243,"column":72}},"243":{"start":{"line":244,"column":0},"end":{"line":244,"column":13}},"244":{"start":{"line":245,"column":0},"end":{"line":245,"column":26}},"245":{"start":{"line":246,"column":0},"end":{"line":246,"column":16}},"246":{"start":{"line":247,"column":0},"end":{"line":247,"column":33}},"247":{"start":{"line":248,"column":0},"end":{"line":248,"column":21}},"248":{"start":{"line":249,"column":0},"end":{"line":249,"column":36}},"249":{"start":{"line":250,"column":0},"end":{"line":250,"column":41}},"250":{"start":{"line":251,"column":0},"end":{"line":251,"column":17}},"251":{"start":{"line":252,"column":0},"end":{"line":252,"column":7}},"252":{"start":{"line":253,"column":0},"end":{"line":253,"column":67}},"253":{"start":{"line":254,"column":0},"end":{"line":254,"column":40}},"254":{"start":{"line":255,"column":0},"end":{"line":255,"column":9}},"255":{"start":{"line":256,"column":0},"end":{"line":256,"column":5}},"256":{"start":{"line":257,"column":0},"end":{"line":257,"column":0}},"257":{"start":{"line":258,"column":0},"end":{"line":258,"column":61}},"258":{"start":{"line":259,"column":0},"end":{"line":259,"column":51}},"259":{"start":{"line":260,"column":0},"end":{"line":260,"column":24}},"260":{"start":{"line":261,"column":0},"end":{"line":261,"column":0}},"261":{"start":{"line":262,"column":0},"end":{"line":262,"column":20}},"262":{"start":{"line":263,"column":0},"end":{"line":263,"column":1}},"263":{"start":{"line":264,"column":0},"end":{"line":264,"column":0}},"264":{"start":{"line":265,"column":0},"end":{"line":265,"column":3}},"265":{"start":{"line":266,"column":0},"end":{"line":266,"column":51}},"266":{"start":{"line":267,"column":0},"end":{"line":267,"column":3}},"267":{"start":{"line":268,"column":0},"end":{"line":268,"column":48}},"268":{"start":{"line":269,"column":0},"end":{"line":269,"column":59}},"269":{"start":{"line":270,"column":0},"end":{"line":270,"column":50}},"270":{"start":{"line":271,"column":0},"end":{"line":271,"column":71}},"271":{"start":{"line":272,"column":0},"end":{"line":272,"column":58}},"272":{"start":{"line":273,"column":0},"end":{"line":273,"column":70}},"273":{"start":{"line":274,"column":0},"end":{"line":274,"column":59}},"274":{"start":{"line":275,"column":0},"end":{"line":275,"column":70}},"275":{"start":{"line":276,"column":0},"end":{"line":276,"column":67}},"276":{"start":{"line":277,"column":0},"end":{"line":277,"column":60}},"277":{"start":{"line":278,"column":0},"end":{"line":278,"column":65}},"278":{"start":{"line":279,"column":0},"end":{"line":279,"column":2}},"279":{"start":{"line":280,"column":0},"end":{"line":280,"column":0}},"280":{"start":{"line":281,"column":0},"end":{"line":281,"column":3}},"281":{"start":{"line":282,"column":0},"end":{"line":282,"column":51}},"282":{"start":{"line":283,"column":0},"end":{"line":283,"column":3}},"283":{"start":{"line":284,"column":0},"end":{"line":284,"column":50}},"284":{"start":{"line":285,"column":0},"end":{"line":285,"column":43}},"285":{"start":{"line":286,"column":0},"end":{"line":286,"column":26}},"286":{"start":{"line":287,"column":0},"end":{"line":287,"column":23}},"287":{"start":{"line":288,"column":0},"end":{"line":288,"column":26}},"288":{"start":{"line":289,"column":0},"end":{"line":289,"column":18}},"289":{"start":{"line":290,"column":0},"end":{"line":290,"column":28}},"290":{"start":{"line":291,"column":0},"end":{"line":291,"column":16}},"291":{"start":{"line":292,"column":0},"end":{"line":292,"column":26}},"292":{"start":{"line":293,"column":0},"end":{"line":293,"column":28}},"293":{"start":{"line":294,"column":0},"end":{"line":294,"column":27}},"294":{"start":{"line":295,"column":0},"end":{"line":295,"column":28}},"295":{"start":{"line":296,"column":0},"end":{"line":296,"column":42}},"296":{"start":{"line":297,"column":0},"end":{"line":297,"column":13}},"297":{"start":{"line":298,"column":0},"end":{"line":298,"column":27}},"298":{"start":{"line":299,"column":0},"end":{"line":299,"column":10}},"299":{"start":{"line":300,"column":0},"end":{"line":300,"column":8}},"300":{"start":{"line":301,"column":0},"end":{"line":301,"column":6}},"301":{"start":{"line":302,"column":0},"end":{"line":302,"column":0}},"302":{"start":{"line":303,"column":0},"end":{"line":303,"column":66}},"303":{"start":{"line":304,"column":0},"end":{"line":304,"column":0}},"304":{"start":{"line":305,"column":0},"end":{"line":305,"column":38}},"305":{"start":{"line":306,"column":0},"end":{"line":306,"column":76}},"306":{"start":{"line":307,"column":0},"end":{"line":307,"column":49}},"307":{"start":{"line":308,"column":0},"end":{"line":308,"column":50}},"308":{"start":{"line":309,"column":0},"end":{"line":309,"column":57}},"309":{"start":{"line":310,"column":0},"end":{"line":310,"column":32}},"310":{"start":{"line":311,"column":0},"end":{"line":311,"column":82}},"311":{"start":{"line":312,"column":0},"end":{"line":312,"column":9}},"312":{"start":{"line":313,"column":0},"end":{"line":313,"column":19}},"313":{"start":{"line":314,"column":0},"end":{"line":314,"column":9}},"314":{"start":{"line":315,"column":0},"end":{"line":315,"column":38}},"315":{"start":{"line":316,"column":0},"end":{"line":316,"column":5}},"316":{"start":{"line":317,"column":0},"end":{"line":317,"column":0}},"317":{"start":{"line":318,"column":0},"end":{"line":318,"column":38}},"318":{"start":{"line":319,"column":0},"end":{"line":319,"column":39}},"319":{"start":{"line":320,"column":0},"end":{"line":320,"column":5}},"320":{"start":{"line":321,"column":0},"end":{"line":321,"column":0}},"321":{"start":{"line":322,"column":0},"end":{"line":322,"column":30}},"322":{"start":{"line":323,"column":0},"end":{"line":323,"column":51}},"323":{"start":{"line":324,"column":0},"end":{"line":324,"column":40}},"324":{"start":{"line":325,"column":0},"end":{"line":325,"column":5}},"325":{"start":{"line":326,"column":0},"end":{"line":326,"column":0}},"326":{"start":{"line":327,"column":0},"end":{"line":327,"column":22}},"327":{"start":{"line":328,"column":0},"end":{"line":328,"column":25}},"328":{"start":{"line":329,"column":0},"end":{"line":329,"column":5}},"329":{"start":{"line":330,"column":0},"end":{"line":330,"column":3}},"330":{"start":{"line":331,"column":0},"end":{"line":331,"column":0}},"331":{"start":{"line":332,"column":0},"end":{"line":332,"column":37}},"332":{"start":{"line":333,"column":0},"end":{"line":333,"column":1}},"333":{"start":{"line":334,"column":0},"end":{"line":334,"column":0}},"334":{"start":{"line":335,"column":0},"end":{"line":335,"column":3}},"335":{"start":{"line":336,"column":0},"end":{"line":336,"column":53}},"336":{"start":{"line":337,"column":0},"end":{"line":337,"column":3}},"337":{"start":{"line":338,"column":0},"end":{"line":338,"column":39}},"338":{"start":{"line":339,"column":0},"end":{"line":339,"column":34}},"339":{"start":{"line":340,"column":0},"end":{"line":340,"column":27}},"340":{"start":{"line":341,"column":0},"end":{"line":341,"column":9}},"341":{"start":{"line":342,"column":0},"end":{"line":342,"column":37}},"342":{"start":{"line":343,"column":0},"end":{"line":343,"column":0}},"343":{"start":{"line":344,"column":0},"end":{"line":344,"column":39}},"344":{"start":{"line":345,"column":0},"end":{"line":345,"column":88}},"345":{"start":{"line":346,"column":0},"end":{"line":346,"column":32}},"346":{"start":{"line":347,"column":0},"end":{"line":347,"column":5}},"347":{"start":{"line":348,"column":0},"end":{"line":348,"column":3}},"348":{"start":{"line":349,"column":0},"end":{"line":349,"column":0}},"349":{"start":{"line":350,"column":0},"end":{"line":350,"column":33}},"350":{"start":{"line":351,"column":0},"end":{"line":351,"column":76}},"351":{"start":{"line":352,"column":0},"end":{"line":352,"column":3}},"352":{"start":{"line":353,"column":0},"end":{"line":353,"column":1}},"353":{"start":{"line":354,"column":0},"end":{"line":354,"column":0}},"354":{"start":{"line":355,"column":0},"end":{"line":355,"column":3}},"355":{"start":{"line":356,"column":0},"end":{"line":356,"column":39}},"356":{"start":{"line":357,"column":0},"end":{"line":357,"column":3}},"357":{"start":{"line":358,"column":0},"end":{"line":358,"column":90}},"358":{"start":{"line":359,"column":0},"end":{"line":359,"column":49}},"359":{"start":{"line":360,"column":0},"end":{"line":360,"column":0}},"360":{"start":{"line":361,"column":0},"end":{"line":361,"column":55}},"361":{"start":{"line":362,"column":0},"end":{"line":362,"column":64}},"362":{"start":{"line":363,"column":0},"end":{"line":363,"column":48}},"363":{"start":{"line":364,"column":0},"end":{"line":364,"column":68}},"364":{"start":{"line":365,"column":0},"end":{"line":365,"column":59}},"365":{"start":{"line":366,"column":0},"end":{"line":366,"column":5}},"366":{"start":{"line":367,"column":0},"end":{"line":367,"column":3}},"367":{"start":{"line":368,"column":0},"end":{"line":368,"column":0}},"368":{"start":{"line":369,"column":0},"end":{"line":369,"column":12}},"369":{"start":{"line":370,"column":0},"end":{"line":370,"column":1}},"370":{"start":{"line":371,"column":0},"end":{"line":371,"column":0}},"371":{"start":{"line":372,"column":0},"end":{"line":372,"column":3}},"372":{"start":{"line":373,"column":0},"end":{"line":373,"column":30}},"373":{"start":{"line":374,"column":0},"end":{"line":374,"column":3}},"374":{"start":{"line":375,"column":0},"end":{"line":375,"column":33}},"375":{"start":{"line":376,"column":0},"end":{"line":376,"column":15}},"376":{"start":{"line":377,"column":0},"end":{"line":377,"column":26}},"377":{"start":{"line":378,"column":0},"end":{"line":378,"column":63}},"378":{"start":{"line":379,"column":0},"end":{"line":379,"column":14}},"379":{"start":{"line":380,"column":0},"end":{"line":380,"column":16}},"380":{"start":{"line":381,"column":0},"end":{"line":381,"column":29}},"381":{"start":{"line":382,"column":0},"end":{"line":382,"column":11}},"382":{"start":{"line":383,"column":0},"end":{"line":383,"column":11}},"383":{"start":{"line":384,"column":0},"end":{"line":384,"column":17}},"384":{"start":{"line":385,"column":0},"end":{"line":385,"column":6}},"385":{"start":{"line":386,"column":0},"end":{"line":386,"column":4}},"386":{"start":{"line":387,"column":0},"end":{"line":387,"column":0}},"387":{"start":{"line":388,"column":0},"end":{"line":388,"column":11}},"388":{"start":{"line":389,"column":0},"end":{"line":389,"column":39}},"389":{"start":{"line":390,"column":0},"end":{"line":390,"column":3}},"390":{"start":{"line":391,"column":0},"end":{"line":391,"column":0}},"391":{"start":{"line":392,"column":0},"end":{"line":392,"column":22}},"392":{"start":{"line":393,"column":0},"end":{"line":393,"column":45}},"393":{"start":{"line":394,"column":0},"end":{"line":394,"column":63}},"394":{"start":{"line":395,"column":0},"end":{"line":395,"column":31}},"395":{"start":{"line":396,"column":0},"end":{"line":396,"column":15}},"396":{"start":{"line":397,"column":0},"end":{"line":397,"column":27}},"397":{"start":{"line":398,"column":0},"end":{"line":398,"column":23}},"398":{"start":{"line":399,"column":0},"end":{"line":399,"column":10}},"399":{"start":{"line":400,"column":0},"end":{"line":400,"column":8}},"400":{"start":{"line":401,"column":0},"end":{"line":401,"column":5}},"401":{"start":{"line":402,"column":0},"end":{"line":402,"column":64}},"402":{"start":{"line":403,"column":0},"end":{"line":403,"column":3}},"403":{"start":{"line":404,"column":0},"end":{"line":404,"column":0}},"404":{"start":{"line":405,"column":0},"end":{"line":405,"column":14}},"405":{"start":{"line":406,"column":0},"end":{"line":406,"column":1}},"406":{"start":{"line":407,"column":0},"end":{"line":407,"column":0}},"407":{"start":{"line":408,"column":0},"end":{"line":408,"column":3}},"408":{"start":{"line":409,"column":0},"end":{"line":409,"column":41}},"409":{"start":{"line":410,"column":0},"end":{"line":410,"column":3}},"410":{"start":{"line":411,"column":0},"end":{"line":411,"column":39}},"411":{"start":{"line":412,"column":0},"end":{"line":412,"column":18}},"412":{"start":{"line":413,"column":0},"end":{"line":413,"column":20}},"413":{"start":{"line":414,"column":0},"end":{"line":414,"column":17}},"414":{"start":{"line":415,"column":0},"end":{"line":415,"column":12}},"415":{"start":{"line":416,"column":0},"end":{"line":416,"column":51}},"416":{"start":{"line":417,"column":0},"end":{"line":417,"column":52}},"417":{"start":{"line":418,"column":0},"end":{"line":418,"column":7}},"418":{"start":{"line":419,"column":0},"end":{"line":419,"column":79}},"419":{"start":{"line":420,"column":0},"end":{"line":420,"column":11}},"420":{"start":{"line":421,"column":0},"end":{"line":421,"column":17}},"421":{"start":{"line":422,"column":0},"end":{"line":422,"column":3}},"422":{"start":{"line":423,"column":0},"end":{"line":423,"column":1}},"423":{"start":{"line":424,"column":0},"end":{"line":424,"column":0}},"424":{"start":{"line":425,"column":0},"end":{"line":425,"column":79}},"425":{"start":{"line":426,"column":0},"end":{"line":426,"column":25}},"426":{"start":{"line":427,"column":0},"end":{"line":427,"column":79}},"427":{"start":{"line":428,"column":0},"end":{"line":428,"column":0}},"428":{"start":{"line":429,"column":0},"end":{"line":429,"column":3}},"429":{"start":{"line":430,"column":0},"end":{"line":430,"column":59}},"430":{"start":{"line":431,"column":0},"end":{"line":431,"column":3}},"431":{"start":{"line":432,"column":0},"end":{"line":432,"column":80}},"432":{"start":{"line":433,"column":0},"end":{"line":433,"column":30}},"433":{"start":{"line":434,"column":0},"end":{"line":434,"column":14}},"434":{"start":{"line":435,"column":0},"end":{"line":435,"column":3}},"435":{"start":{"line":436,"column":0},"end":{"line":436,"column":41}},"436":{"start":{"line":437,"column":0},"end":{"line":437,"column":1}},"437":{"start":{"line":438,"column":0},"end":{"line":438,"column":0}},"438":{"start":{"line":439,"column":0},"end":{"line":439,"column":3}},"439":{"start":{"line":440,"column":0},"end":{"line":440,"column":55}},"440":{"start":{"line":441,"column":0},"end":{"line":441,"column":3}},"441":{"start":{"line":442,"column":0},"end":{"line":442,"column":42}},"442":{"start":{"line":443,"column":0},"end":{"line":443,"column":23}},"443":{"start":{"line":444,"column":0},"end":{"line":444,"column":13}},"444":{"start":{"line":445,"column":0},"end":{"line":445,"column":26}},"445":{"start":{"line":446,"column":0},"end":{"line":446,"column":23}},"446":{"start":{"line":447,"column":0},"end":{"line":447,"column":35}},"447":{"start":{"line":448,"column":0},"end":{"line":448,"column":4}},"448":{"start":{"line":449,"column":0},"end":{"line":449,"column":36}},"449":{"start":{"line":450,"column":0},"end":{"line":450,"column":49}},"450":{"start":{"line":451,"column":0},"end":{"line":451,"column":0}},"451":{"start":{"line":452,"column":0},"end":{"line":452,"column":55}},"452":{"start":{"line":453,"column":0},"end":{"line":453,"column":64}},"453":{"start":{"line":454,"column":0},"end":{"line":454,"column":15}},"454":{"start":{"line":455,"column":0},"end":{"line":455,"column":5}},"455":{"start":{"line":456,"column":0},"end":{"line":456,"column":0}},"456":{"start":{"line":457,"column":0},"end":{"line":457,"column":46}},"457":{"start":{"line":458,"column":0},"end":{"line":458,"column":66}},"458":{"start":{"line":459,"column":0},"end":{"line":459,"column":0}},"459":{"start":{"line":460,"column":0},"end":{"line":460,"column":32}},"460":{"start":{"line":461,"column":0},"end":{"line":461,"column":45}},"461":{"start":{"line":462,"column":0},"end":{"line":462,"column":56}},"462":{"start":{"line":463,"column":0},"end":{"line":463,"column":66}},"463":{"start":{"line":464,"column":0},"end":{"line":464,"column":29}},"464":{"start":{"line":465,"column":0},"end":{"line":465,"column":59}},"465":{"start":{"line":466,"column":0},"end":{"line":466,"column":9}},"466":{"start":{"line":467,"column":0},"end":{"line":467,"column":27}},"467":{"start":{"line":468,"column":0},"end":{"line":468,"column":58}},"468":{"start":{"line":469,"column":0},"end":{"line":469,"column":9}},"469":{"start":{"line":470,"column":0},"end":{"line":470,"column":14}},"470":{"start":{"line":471,"column":0},"end":{"line":471,"column":61}},"471":{"start":{"line":472,"column":0},"end":{"line":472,"column":7}},"472":{"start":{"line":473,"column":0},"end":{"line":473,"column":12}},"473":{"start":{"line":474,"column":0},"end":{"line":474,"column":59}},"474":{"start":{"line":475,"column":0},"end":{"line":475,"column":5}},"475":{"start":{"line":476,"column":0},"end":{"line":476,"column":3}},"476":{"start":{"line":477,"column":0},"end":{"line":477,"column":0}},"477":{"start":{"line":478,"column":0},"end":{"line":478,"column":16}},"478":{"start":{"line":479,"column":0},"end":{"line":479,"column":27}},"479":{"start":{"line":480,"column":0},"end":{"line":480,"column":67}},"480":{"start":{"line":481,"column":0},"end":{"line":481,"column":86}},"481":{"start":{"line":482,"column":0},"end":{"line":482,"column":47}},"482":{"start":{"line":483,"column":0},"end":{"line":483,"column":3}},"483":{"start":{"line":484,"column":0},"end":{"line":484,"column":0}},"484":{"start":{"line":485,"column":0},"end":{"line":485,"column":12}},"485":{"start":{"line":486,"column":0},"end":{"line":486,"column":1}},"486":{"start":{"line":487,"column":0},"end":{"line":487,"column":0}},"487":{"start":{"line":488,"column":0},"end":{"line":488,"column":3}},"488":{"start":{"line":489,"column":0},"end":{"line":489,"column":57}},"489":{"start":{"line":490,"column":0},"end":{"line":490,"column":3}},"490":{"start":{"line":491,"column":0},"end":{"line":491,"column":98}},"491":{"start":{"line":492,"column":0},"end":{"line":492,"column":50}},"492":{"start":{"line":493,"column":0},"end":{"line":493,"column":21}},"493":{"start":{"line":494,"column":0},"end":{"line":494,"column":3}},"494":{"start":{"line":495,"column":0},"end":{"line":495,"column":46}},"495":{"start":{"line":496,"column":0},"end":{"line":496,"column":1}},"496":{"start":{"line":497,"column":0},"end":{"line":497,"column":0}},"497":{"start":{"line":498,"column":0},"end":{"line":498,"column":3}},"498":{"start":{"line":499,"column":0},"end":{"line":499,"column":52}},"499":{"start":{"line":500,"column":0},"end":{"line":500,"column":3}},"500":{"start":{"line":501,"column":0},"end":{"line":501,"column":80}},"501":{"start":{"line":502,"column":0},"end":{"line":502,"column":50}},"502":{"start":{"line":503,"column":0},"end":{"line":503,"column":14}},"503":{"start":{"line":504,"column":0},"end":{"line":504,"column":3}},"504":{"start":{"line":505,"column":0},"end":{"line":505,"column":52}},"505":{"start":{"line":506,"column":0},"end":{"line":506,"column":1}}},"s":{"0":1,"1":1,"2":1,"3":1,"4":1,"5":1,"6":1,"7":1,"8":1,"9":1,"10":1,"11":1,"12":1,"13":1,"14":1,"15":1,"16":1,"17":1,"18":1,"19":1,"20":1,"21":1,"22":1,"23":1,"24":1,"25":1,"26":1,"27":13,"28":13,"29":13,"30":1,"31":1,"32":1,"33":1,"34":1,"35":11,"36":11,"37":11,"38":11,"39":5,"40":5,"41":11,"42":1,"43":1,"44":1,"45":1,"46":1,"47":10,"48":10,"49":10,"50":1,"51":1,"52":1,"53":1,"54":1,"55":14,"56":14,"57":1,"58":1,"59":1,"60":1,"61":1,"62":20,"63":20,"64":20,"65":20,"66":20,"67":4,"68":3,"69":3,"70":1,"71":1,"72":16,"73":16,"74":20,"75":4,"76":4,"77":12,"78":12,"79":20,"80":3,"81":2,"82":2,"83":1,"84":20,"85":3,"86":2,"87":2,"88":1,"89":20,"90":3,"91":2,"92":2,"93":1,"94":20,"95":3,"96":2,"97":2,"98":1,"99":20,"100":20,"101":1,"102":1,"103":1,"104":1,"105":1,"106":9,"107":9,"108":9,"109":3,"110":3,"111":9,"112":1,"113":1,"114":1,"115":1,"116":0,"117":0,"118":0,"119":1,"120":1,"121":1,"122":1,"123":0,"124":0,"125":0,"126":0,"127":0,"128":0,"129":0,"130":1,"131":1,"132":1,"133":1,"134":0,"135":0,"136":0,"137":0,"138":0,"139":0,"140":0,"141":0,"142":0,"143":0,"144":0,"145":0,"146":0,"147":1,"148":1,"149":1,"150":1,"151":0,"152":0,"153":0,"154":0,"155":0,"156":0,"157":0,"158":0,"159":0,"160":0,"161":0,"162":0,"163":0,"164":0,"165":0,"166":0,"167":0,"168":0,"169":0,"170":0,"171":0,"172":0,"173":0,"174":0,"175":0,"176":0,"177":0,"178":0,"179":0,"180":0,"181":0,"182":0,"183":0,"184":0,"185":0,"186":0,"187":0,"188":0,"189":0,"190":0,"191":0,"192":0,"193":0,"194":0,"195":0,"196":0,"197":0,"198":0,"199":0,"200":0,"201":0,"202":0,"203":0,"204":0,"205":0,"206":0,"207":0,"208":0,"209":0,"210":0,"211":1,"212":1,"213":1,"214":1,"215":0,"216":0,"217":0,"218":0,"219":0,"220":0,"221":0,"222":0,"223":0,"224":0,"225":0,"226":0,"227":0,"228":0,"229":0,"230":0,"231":0,"232":0,"233":0,"234":0,"235":0,"236":0,"237":0,"238":0,"239":0,"240":0,"241":0,"242":0,"243":0,"244":0,"245":0,"246":0,"247":0,"248":0,"249":0,"250":0,"251":0,"252":0,"253":0,"254":0,"255":0,"256":0,"257":0,"258":0,"259":0,"260":0,"261":0,"262":0,"263":1,"264":1,"265":1,"266":1,"267":1,"268":1,"269":1,"270":1,"271":1,"272":1,"273":1,"274":1,"275":1,"276":1,"277":1,"278":1,"279":1,"280":1,"281":1,"282":1,"283":0,"284":0,"285":0,"286":0,"287":0,"288":0,"289":0,"290":0,"291":0,"292":0,"293":0,"294":0,"295":0,"296":0,"297":0,"298":0,"299":0,"300":0,"301":0,"302":0,"303":0,"304":0,"305":0,"306":0,"307":0,"308":0,"309":0,"310":0,"311":0,"312":0,"313":0,"314":0,"315":0,"316":0,"317":0,"318":0,"319":0,"320":0,"321":0,"322":0,"323":0,"324":0,"325":0,"326":0,"327":0,"328":0,"329":0,"330":0,"331":0,"332":0,"333":1,"334":1,"335":1,"336":1,"337":1,"338":9,"339":9,"340":9,"341":9,"342":9,"343":9,"344":14,"345":7,"346":7,"347":14,"348":9,"349":9,"350":5,"351":5,"352":9,"353":1,"354":1,"355":1,"356":1,"357":1,"358":6,"359":6,"360":6,"361":9,"362":6,"363":6,"364":6,"365":6,"366":9,"367":6,"368":6,"369":6,"370":1,"371":1,"372":1,"373":1,"374":1,"375":6,"376":6,"377":6,"378":6,"379":6,"380":6,"381":6,"382":6,"383":6,"384":6,"385":6,"386":6,"387":6,"388":2,"389":2,"390":6,"391":6,"392":3,"393":3,"394":4,"395":4,"396":4,"397":4,"398":4,"399":4,"400":4,"401":3,"402":3,"403":6,"404":6,"405":6,"406":1,"407":1,"408":1,"409":1,"410":1,"411":6,"412":6,"413":6,"414":6,"415":6,"416":6,"417":6,"418":6,"419":6,"420":2,"421":2,"422":6,"423":1,"424":1,"425":1,"426":1,"427":1,"428":1,"429":1,"430":1,"431":1,"432":4,"433":1,"434":1,"435":3,"436":3,"437":1,"438":1,"439":1,"440":1,"441":1,"442":9,"443":9,"444":9,"445":9,"446":9,"447":9,"448":9,"449":9,"450":9,"451":9,"452":11,"453":3,"454":3,"455":8,"456":8,"457":8,"458":8,"459":8,"460":11,"461":4,"462":3,"463":3,"464":2,"465":2,"466":3,"467":2,"468":2,"469":4,"470":1,"471":1,"472":4,"473":4,"474":4,"475":11,"476":9,"477":9,"478":9,"479":2,"480":2,"481":2,"482":2,"483":9,"484":9,"485":9,"486":1,"487":1,"488":1,"489":1,"490":1,"491":5,"492":2,"493":2,"494":3,"495":3,"496":1,"497":1,"498":1,"499":1,"500":1,"501":4,"502":2,"503":2,"504":4,"505":4},"branchMap":{"0":{"type":"branch","line":27,"loc":{"start":{"line":27,"column":7},"end":{"line":30,"column":1}},"locations":[{"start":{"line":27,"column":7},"end":{"line":30,"column":1}}]},"1":{"type":"branch","line":35,"loc":{"start":{"line":35,"column":7},"end":{"line":42,"column":1}},"locations":[{"start":{"line":35,"column":7},"end":{"line":42,"column":1}}]},"2":{"type":"branch","line":39,"loc":{"start":{"line":39,"column":2},"end":{"line":41,"column":3}},"locations":[{"start":{"line":39,"column":2},"end":{"line":41,"column":3}}]},"3":{"type":"branch","line":47,"loc":{"start":{"line":47,"column":7},"end":{"line":50,"column":1}},"locations":[{"start":{"line":47,"column":7},"end":{"line":50,"column":1}}]},"4":{"type":"branch","line":49,"loc":{"start":{"line":49,"column":30},"end":{"line":49,"column":60}},"locations":[{"start":{"line":49,"column":30},"end":{"line":49,"column":60}}]},"5":{"type":"branch","line":55,"loc":{"start":{"line":55,"column":7},"end":{"line":57,"column":1}},"locations":[{"start":{"line":55,"column":7},"end":{"line":57,"column":1}}]},"6":{"type":"branch","line":56,"loc":{"start":{"line":56,"column":26},"end":{"line":56,"column":65}},"locations":[{"start":{"line":56,"column":26},"end":{"line":56,"column":65}}]},"7":{"type":"branch","line":56,"loc":{"start":{"line":56,"column":60},"end":{"line":56,"column":75}},"locations":[{"start":{"line":56,"column":60},"end":{"line":56,"column":75}}]},"8":{"type":"branch","line":62,"loc":{"start":{"line":62,"column":7},"end":{"line":101,"column":1}},"locations":[{"start":{"line":62,"column":7},"end":{"line":101,"column":1}}]},"9":{"type":"branch","line":67,"loc":{"start":{"line":67,"column":37},"end":{"line":72,"column":3}},"locations":[{"start":{"line":67,"column":37},"end":{"line":72,"column":3}}]},"10":{"type":"branch","line":68,"loc":{"start":{"line":68,"column":18},"end":{"line":68,"column":49}},"locations":[{"start":{"line":68,"column":18},"end":{"line":68,"column":49}}]},"11":{"type":"branch","line":68,"loc":{"start":{"line":68,"column":41},"end":{"line":68,"column":63}},"locations":[{"start":{"line":68,"column":41},"end":{"line":68,"column":63}}]},"12":{"type":"branch","line":68,"loc":{"start":{"line":68,"column":63},"end":{"line":70,"column":5}},"locations":[{"start":{"line":68,"column":63},"end":{"line":70,"column":5}}]},"13":{"type":"branch","line":70,"loc":{"start":{"line":70,"column":4},"end":{"line":72,"column":3}},"locations":[{"start":{"line":70,"column":4},"end":{"line":72,"column":3}}]},"14":{"type":"branch","line":72,"loc":{"start":{"line":72,"column":2},"end":{"line":75,"column":29}},"locations":[{"start":{"line":72,"column":2},"end":{"line":75,"column":29}}]},"15":{"type":"branch","line":75,"loc":{"start":{"line":75,"column":16},"end":{"line":75,"column":47}},"locations":[{"start":{"line":75,"column":16},"end":{"line":75,"column":47}}]},"16":{"type":"branch","line":75,"loc":{"start":{"line":75,"column":39},"end":{"line":75,"column":61}},"locations":[{"start":{"line":75,"column":39},"end":{"line":75,"column":61}}]},"17":{"type":"branch","line":75,"loc":{"start":{"line":75,"column":61},"end":{"line":77,"column":3}},"locations":[{"start":{"line":75,"column":61},"end":{"line":77,"column":3}}]},"18":{"type":"branch","line":77,"loc":{"start":{"line":77,"column":2},"end":{"line":79,"column":27}},"locations":[{"start":{"line":77,"column":2},"end":{"line":79,"column":27}}]},"19":{"type":"branch","line":80,"loc":{"start":{"line":80,"column":4},"end":{"line":84,"column":12}},"locations":[{"start":{"line":80,"column":4},"end":{"line":84,"column":12}}]},"20":{"type":"branch","line":81,"loc":{"start":{"line":81,"column":27},"end":{"line":81,"column":61}},"locations":[{"start":{"line":81,"column":27},"end":{"line":81,"column":61}}]},"21":{"type":"branch","line":81,"loc":{"start":{"line":81,"column":61},"end":{"line":83,"column":7}},"locations":[{"start":{"line":81,"column":61},"end":{"line":83,"column":7}}]},"22":{"type":"branch","line":83,"loc":{"start":{"line":83,"column":6},"end":{"line":84,"column":12}},"locations":[{"start":{"line":83,"column":6},"end":{"line":84,"column":12}}]},"23":{"type":"branch","line":85,"loc":{"start":{"line":85,"column":4},"end":{"line":89,"column":12}},"locations":[{"start":{"line":85,"column":4},"end":{"line":89,"column":12}}]},"24":{"type":"branch","line":86,"loc":{"start":{"line":86,"column":27},"end":{"line":86,"column":59}},"locations":[{"start":{"line":86,"column":27},"end":{"line":86,"column":59}}]},"25":{"type":"branch","line":86,"loc":{"start":{"line":86,"column":59},"end":{"line":88,"column":7}},"locations":[{"start":{"line":86,"column":59},"end":{"line":88,"column":7}}]},"26":{"type":"branch","line":88,"loc":{"start":{"line":88,"column":6},"end":{"line":89,"column":12}},"locations":[{"start":{"line":88,"column":6},"end":{"line":89,"column":12}}]},"27":{"type":"branch","line":90,"loc":{"start":{"line":90,"column":4},"end":{"line":94,"column":12}},"locations":[{"start":{"line":90,"column":4},"end":{"line":94,"column":12}}]},"28":{"type":"branch","line":91,"loc":{"start":{"line":91,"column":27},"end":{"line":91,"column":63}},"locations":[{"start":{"line":91,"column":27},"end":{"line":91,"column":63}}]},"29":{"type":"branch","line":91,"loc":{"start":{"line":91,"column":63},"end":{"line":93,"column":7}},"locations":[{"start":{"line":91,"column":63},"end":{"line":93,"column":7}}]},"30":{"type":"branch","line":93,"loc":{"start":{"line":93,"column":6},"end":{"line":94,"column":12}},"locations":[{"start":{"line":93,"column":6},"end":{"line":94,"column":12}}]},"31":{"type":"branch","line":95,"loc":{"start":{"line":95,"column":4},"end":{"line":99,"column":12}},"locations":[{"start":{"line":95,"column":4},"end":{"line":99,"column":12}}]},"32":{"type":"branch","line":96,"loc":{"start":{"line":96,"column":37},"end":{"line":98,"column":7}},"locations":[{"start":{"line":96,"column":37},"end":{"line":98,"column":7}}]},"33":{"type":"branch","line":98,"loc":{"start":{"line":98,"column":6},"end":{"line":99,"column":12}},"locations":[{"start":{"line":98,"column":6},"end":{"line":99,"column":12}}]},"34":{"type":"branch","line":106,"loc":{"start":{"line":106,"column":7},"end":{"line":112,"column":1}},"locations":[{"start":{"line":106,"column":7},"end":{"line":112,"column":1}}]},"35":{"type":"branch","line":109,"loc":{"start":{"line":109,"column":2},"end":{"line":111,"column":3}},"locations":[{"start":{"line":109,"column":2},"end":{"line":111,"column":3}}]},"36":{"type":"branch","line":338,"loc":{"start":{"line":338,"column":7},"end":{"line":353,"column":1}},"locations":[{"start":{"line":338,"column":7},"end":{"line":353,"column":1}}]},"37":{"type":"branch","line":344,"loc":{"start":{"line":344,"column":38},"end":{"line":348,"column":3}},"locations":[{"start":{"line":344,"column":38},"end":{"line":348,"column":3}}]},"38":{"type":"branch","line":345,"loc":{"start":{"line":345,"column":26},"end":{"line":345,"column":65}},"locations":[{"start":{"line":345,"column":26},"end":{"line":345,"column":65}}]},"39":{"type":"branch","line":345,"loc":{"start":{"line":345,"column":57},"end":{"line":345,"column":87}},"locations":[{"start":{"line":345,"column":57},"end":{"line":345,"column":87}}]},"40":{"type":"branch","line":345,"loc":{"start":{"line":345,"column":87},"end":{"line":347,"column":5}},"locations":[{"start":{"line":345,"column":87},"end":{"line":347,"column":5}}]},"41":{"type":"branch","line":350,"loc":{"start":{"line":350,"column":32},"end":{"line":352,"column":3}},"locations":[{"start":{"line":350,"column":32},"end":{"line":352,"column":3}}]},"42":{"type":"branch","line":358,"loc":{"start":{"line":358,"column":7},"end":{"line":370,"column":1}},"locations":[{"start":{"line":358,"column":7},"end":{"line":370,"column":1}}]},"43":{"type":"branch","line":361,"loc":{"start":{"line":361,"column":54},"end":{"line":367,"column":3}},"locations":[{"start":{"line":361,"column":54},"end":{"line":367,"column":3}}]},"44":{"type":"branch","line":362,"loc":{"start":{"line":362,"column":18},"end":{"line":362,"column":49}},"locations":[{"start":{"line":362,"column":18},"end":{"line":362,"column":49}}]},"45":{"type":"branch","line":362,"loc":{"start":{"line":362,"column":41},"end":{"line":362,"column":63}},"locations":[{"start":{"line":362,"column":41},"end":{"line":362,"column":63}}]},"46":{"type":"branch","line":362,"loc":{"start":{"line":362,"column":63},"end":{"line":366,"column":5}},"locations":[{"start":{"line":362,"column":63},"end":{"line":366,"column":5}}]},"47":{"type":"branch","line":375,"loc":{"start":{"line":375,"column":7},"end":{"line":406,"column":1}},"locations":[{"start":{"line":375,"column":7},"end":{"line":406,"column":1}}]},"48":{"type":"branch","line":388,"loc":{"start":{"line":388,"column":10},"end":{"line":390,"column":3}},"locations":[{"start":{"line":388,"column":10},"end":{"line":390,"column":3}}]},"49":{"type":"branch","line":392,"loc":{"start":{"line":392,"column":21},"end":{"line":403,"column":3}},"locations":[{"start":{"line":392,"column":21},"end":{"line":403,"column":3}}]},"50":{"type":"branch","line":394,"loc":{"start":{"line":394,"column":62},"end":{"line":401,"column":5}},"locations":[{"start":{"line":394,"column":62},"end":{"line":401,"column":5}}]},"51":{"type":"branch","line":411,"loc":{"start":{"line":411,"column":7},"end":{"line":423,"column":1}},"locations":[{"start":{"line":411,"column":7},"end":{"line":423,"column":1}}]},"52":{"type":"branch","line":420,"loc":{"start":{"line":420,"column":2},"end":{"line":422,"column":3}},"locations":[{"start":{"line":420,"column":2},"end":{"line":422,"column":3}}]},"53":{"type":"branch","line":432,"loc":{"start":{"line":432,"column":7},"end":{"line":437,"column":1}},"locations":[{"start":{"line":432,"column":7},"end":{"line":437,"column":1}}]},"54":{"type":"branch","line":433,"loc":{"start":{"line":433,"column":29},"end":{"line":435,"column":3}},"locations":[{"start":{"line":433,"column":29},"end":{"line":435,"column":3}}]},"55":{"type":"branch","line":435,"loc":{"start":{"line":435,"column":2},"end":{"line":437,"column":1}},"locations":[{"start":{"line":435,"column":2},"end":{"line":437,"column":1}}]},"56":{"type":"branch","line":442,"loc":{"start":{"line":442,"column":7},"end":{"line":486,"column":1}},"locations":[{"start":{"line":442,"column":7},"end":{"line":486,"column":1}}]},"57":{"type":"branch","line":452,"loc":{"start":{"line":452,"column":54},"end":{"line":476,"column":3}},"locations":[{"start":{"line":452,"column":54},"end":{"line":476,"column":3}}]},"58":{"type":"branch","line":453,"loc":{"start":{"line":453,"column":18},"end":{"line":453,"column":49}},"locations":[{"start":{"line":453,"column":18},"end":{"line":453,"column":49}}]},"59":{"type":"branch","line":453,"loc":{"start":{"line":453,"column":41},"end":{"line":453,"column":63}},"locations":[{"start":{"line":453,"column":41},"end":{"line":453,"column":63}}]},"60":{"type":"branch","line":453,"loc":{"start":{"line":453,"column":63},"end":{"line":455,"column":5}},"locations":[{"start":{"line":453,"column":63},"end":{"line":455,"column":5}}]},"61":{"type":"branch","line":455,"loc":{"start":{"line":455,"column":4},"end":{"line":461,"column":17}},"locations":[{"start":{"line":455,"column":4},"end":{"line":461,"column":17}}]},"62":{"type":"branch","line":461,"loc":{"start":{"line":461,"column":8},"end":{"line":461,"column":29}},"locations":[{"start":{"line":461,"column":8},"end":{"line":461,"column":29}}]},"63":{"type":"branch","line":461,"loc":{"start":{"line":461,"column":17},"end":{"line":461,"column":38}},"locations":[{"start":{"line":461,"column":17},"end":{"line":461,"column":38}}]},"64":{"type":"branch","line":461,"loc":{"start":{"line":461,"column":44},"end":{"line":475,"column":5}},"locations":[{"start":{"line":461,"column":44},"end":{"line":475,"column":5}}]},"65":{"type":"branch","line":462,"loc":{"start":{"line":462,"column":27},"end":{"line":462,"column":55}},"locations":[{"start":{"line":462,"column":27},"end":{"line":462,"column":55}}]},"66":{"type":"branch","line":462,"loc":{"start":{"line":462,"column":55},"end":{"line":470,"column":13}},"locations":[{"start":{"line":462,"column":55},"end":{"line":470,"column":13}}]},"67":{"type":"branch","line":464,"loc":{"start":{"line":464,"column":28},"end":{"line":466,"column":9}},"locations":[{"start":{"line":464,"column":28},"end":{"line":466,"column":9}}]},"68":{"type":"branch","line":467,"loc":{"start":{"line":467,"column":26},"end":{"line":469,"column":9}},"locations":[{"start":{"line":467,"column":26},"end":{"line":469,"column":9}}]},"69":{"type":"branch","line":470,"loc":{"start":{"line":470,"column":6},"end":{"line":472,"column":7}},"locations":[{"start":{"line":470,"column":6},"end":{"line":472,"column":7}}]},"70":{"type":"branch","line":479,"loc":{"start":{"line":479,"column":6},"end":{"line":479,"column":26}},"locations":[{"start":{"line":479,"column":6},"end":{"line":479,"column":26}}]},"71":{"type":"branch","line":479,"loc":{"start":{"line":479,"column":26},"end":{"line":483,"column":3}},"locations":[{"start":{"line":479,"column":26},"end":{"line":483,"column":3}}]},"72":{"type":"branch","line":480,"loc":{"start":{"line":480,"column":49},"end":{"line":480,"column":64}},"locations":[{"start":{"line":480,"column":49},"end":{"line":480,"column":64}}]},"73":{"type":"branch","line":480,"loc":{"start":{"line":480,"column":58},"end":{"line":480,"column":67}},"locations":[{"start":{"line":480,"column":58},"end":{"line":480,"column":67}}]},"74":{"type":"branch","line":491,"loc":{"start":{"line":491,"column":7},"end":{"line":496,"column":1}},"locations":[{"start":{"line":491,"column":7},"end":{"line":496,"column":1}}]},"75":{"type":"branch","line":492,"loc":{"start":{"line":492,"column":7},"end":{"line":492,"column":49}},"locations":[{"start":{"line":492,"column":7},"end":{"line":492,"column":49}}]},"76":{"type":"branch","line":492,"loc":{"start":{"line":492,"column":49},"end":{"line":494,"column":3}},"locations":[{"start":{"line":492,"column":49},"end":{"line":494,"column":3}}]},"77":{"type":"branch","line":494,"loc":{"start":{"line":494,"column":2},"end":{"line":496,"column":1}},"locations":[{"start":{"line":494,"column":2},"end":{"line":496,"column":1}}]},"78":{"type":"branch","line":501,"loc":{"start":{"line":501,"column":7},"end":{"line":506,"column":1}},"locations":[{"start":{"line":501,"column":7},"end":{"line":506,"column":1}}]},"79":{"type":"branch","line":502,"loc":{"start":{"line":502,"column":7},"end":{"line":502,"column":49}},"locations":[{"start":{"line":502,"column":7},"end":{"line":502,"column":49}}]},"80":{"type":"branch","line":502,"loc":{"start":{"line":502,"column":49},"end":{"line":505,"column":49}},"locations":[{"start":{"line":502,"column":49},"end":{"line":505,"column":49}}]},"81":{"type":"branch","line":505,"loc":{"start":{"line":505,"column":19},"end":{"line":505,"column":52}},"locations":[{"start":{"line":505,"column":19},"end":{"line":505,"column":52}}]}},"b":{"0":[13],"1":[11],"2":[5],"3":[10],"4":[7],"5":[14],"6":[11],"7":[8],"8":[20],"9":[4],"10":[3],"11":[2],"12":[3],"13":[1],"14":[16],"15":[15],"16":[14],"17":[4],"18":[12],"19":[3],"20":[2],"21":[2],"22":[1],"23":[3],"24":[2],"25":[2],"26":[1],"27":[3],"28":[2],"29":[2],"30":[1],"31":[3],"32":[2],"33":[1],"34":[9],"35":[3],"36":[9],"37":[14],"38":[9],"39":[8],"40":[7],"41":[5],"42":[6],"43":[9],"44":[8],"45":[7],"46":[6],"47":[6],"48":[2],"49":[3],"50":[4],"51":[6],"52":[2],"53":[4],"54":[1],"55":[3],"56":[9],"57":[11],"58":[10],"59":[9],"60":[3],"61":[8],"62":[6],"63":[5],"64":[4],"65":[3],"66":[3],"67":[2],"68":[2],"69":[1],"70":[7],"71":[2],"72":[1],"73":[1],"74":[5],"75":[4],"76":[2],"77":[3],"78":[4],"79":[3],"80":[2],"81":[1]},"fnMap":{"0":{"name":"isValidEmail","decl":{"start":{"line":27,"column":7},"end":{"line":30,"column":1}},"loc":{"start":{"line":27,"column":7},"end":{"line":30,"column":1}},"line":27},"1":{"name":"isValidUrl","decl":{"start":{"line":35,"column":7},"end":{"line":42,"column":1}},"loc":{"start":{"line":35,"column":7},"end":{"line":42,"column":1}},"line":35},"2":{"name":"isValidIsoDate","decl":{"start":{"line":47,"column":7},"end":{"line":50,"column":1}},"loc":{"start":{"line":47,"column":7},"end":{"line":50,"column":1}},"line":47},"3":{"name":"isPositiveInteger","decl":{"start":{"line":55,"column":7},"end":{"line":57,"column":1}},"loc":{"start":{"line":55,"column":7},"end":{"line":57,"column":1}},"line":55},"4":{"name":"validateField","decl":{"start":{"line":62,"column":7},"end":{"line":101,"column":1}},"loc":{"start":{"line":62,"column":7},"end":{"line":101,"column":1}},"line":62},"5":{"name":"safeJsonParse","decl":{"start":{"line":106,"column":7},"end":{"line":112,"column":1}},"loc":{"start":{"line":106,"column":7},"end":{"line":112,"column":1}},"line":106},"6":{"name":"sleep","decl":{"start":{"line":117,"column":0},"end":{"line":119,"column":1}},"loc":{"start":{"line":117,"column":0},"end":{"line":119,"column":1}},"line":117},"7":{"name":"isRateLimitError","decl":{"start":{"line":124,"column":0},"end":{"line":130,"column":1}},"loc":{"start":{"line":124,"column":0},"end":{"line":130,"column":1}},"line":124},"8":{"name":"isRetryableError","decl":{"start":{"line":135,"column":0},"end":{"line":147,"column":1}},"loc":{"start":{"line":135,"column":0},"end":{"line":147,"column":1}},"line":135},"9":{"name":"lemonSqueezyApiRequest","decl":{"start":{"line":152,"column":0},"end":{"line":211,"column":1}},"loc":{"start":{"line":152,"column":0},"end":{"line":211,"column":1}},"line":152},"10":{"name":"lemonSqueezyApiRequestAllItems","decl":{"start":{"line":216,"column":0},"end":{"line":263,"column":1}},"loc":{"start":{"line":216,"column":0},"end":{"line":263,"column":1}},"line":216},"11":{"name":"getErrorMessage","decl":{"start":{"line":284,"column":0},"end":{"line":333,"column":1}},"loc":{"start":{"line":284,"column":0},"end":{"line":333,"column":1}},"line":284},"12":{"name":"validateRequiredFields","decl":{"start":{"line":338,"column":7},"end":{"line":353,"column":1}},"loc":{"start":{"line":338,"column":7},"end":{"line":353,"column":1}},"line":338},"13":{"name":"buildFilterParams","decl":{"start":{"line":358,"column":7},"end":{"line":370,"column":1}},"loc":{"start":{"line":358,"column":7},"end":{"line":370,"column":1}},"line":358},"14":{"name":"buildJsonApiBody","decl":{"start":{"line":375,"column":7},"end":{"line":406,"column":1}},"loc":{"start":{"line":375,"column":7},"end":{"line":4
[...]
,"193":{"start":{"line":194,"column":0},"end":{"line":194,"column":0}},"194":{"start":{"line":195,"column":0},"end":{"line":195,"column":3}},"195":{"start":{"line":196,"column":0},"end":{"line":196,"column":26}},"196":{"start":{"line":197,"column":0},"end":{"line":197,"column":3}},"197":{"start":{"line":198,"column":0},"end":{"line":198,"column":64}},"198":{"start":{"line":199,"column":0},"end":{"line":199,"column":19}},"199":{"start":{"line":200,"column":0},"end":{"line":200,"column":22}},"200":{"start":{"line":201,"column":0},"end":{"line":201,"column":19}},"201":{"start":{"line":202,"column":0},"end":{"line":202,"column":24}},"202":{"start":{"line":203,"column":0},"end":{"line":203,"column":21}},"203":{"start":{"line":204,"column":0},"end":{"line":204,"column":21}},"204":{"start":{"line":205,"column":0},"end":{"line":205,"column":23}},"205":{"start":{"line":206,"column":0},"end":{"line":206,"column":23}},"206":{"start":{"line":207,"column":0},"end":{"line":207,"column":20}},"207":{"start":{"line":208,"column":0},"end":{"line":208,"column":21}},"208":{"start":{"line":209,"column":0},"end":{"line":209,"column":93}},"209":{"start":{"line":210,"column":0},"end":{"line":210,"column":27}},"210":{"start":{"line":211,"column":0},"end":{"line":211,"column":28}},"211":{"start":{"line":212,"column":0},"end":{"line":212,"column":32}},"212":{"start":{"line":213,"column":0},"end":{"line":213,"column":10}},"213":{"start":{"line":214,"column":0},"end":{"line":214,"column":26}},"214":{"start":{"line":215,"column":0},"end":{"line":215,"column":30}},"215":{"start":{"line":216,"column":0},"end":{"line":216,"column":11}},"216":{"start":{"line":217,"column":0},"end":{"line":217,"column":21}},"217":{"start":{"line":218,"column":0},"end":{"line":218,"column":31}},"218":{"start":{"line":219,"column":0},"end":{"line":219,"column":25}},"219":{"start":{"line":220,"column":0},"end":{"line":220,"column":39}},"220":{"start":{"line":221,"column":0},"end":{"line":221,"column":9}},"221":{"start":{"line":222,"column":0},"end":{"line":222,"column":34}},"222":{"start":{"line":223,"column":0},"end":{"line":223,"column":28}},"223":{"start":{"line":224,"column":0},"end":{"line":224,"column":4}},"224":{"start":{"line":225,"column":0},"end":{"line":225,"column":20}},"225":{"start":{"line":226,"column":0},"end":{"line":226,"column":25}},"226":{"start":{"line":227,"column":0},"end":{"line":227,"column":21}},"227":{"start":{"line":228,"column":0},"end":{"line":228,"column":1}},"228":{"start":{"line":229,"column":0},"end":{"line":229,"column":0}},"229":{"start":{"line":230,"column":0},"end":{"line":230,"column":3}},"230":{"start":{"line":231,"column":0},"end":{"line":231,"column":25}},"231":{"start":{"line":232,"column":0},"end":{"line":232,"column":3}},"232":{"start":{"line":233,"column":0},"end":{"line":233,"column":62}},"233":{"start":{"line":234,"column":0},"end":{"line":234,"column":19}},"234":{"start":{"line":235,"column":0},"end":{"line":235,"column":22}},"235":{"start":{"line":236,"column":0},"end":{"line":236,"column":19}},"236":{"start":{"line":237,"column":0},"end":{"line":237,"column":24}},"237":{"start":{"line":238,"column":0},"end":{"line":238,"column":21}},"238":{"start":{"line":239,"column":0},"end":{"line":239,"column":20}},"239":{"start":{"line":240,"column":0},"end":{"line":240,"column":21}},"240":{"start":{"line":241,"column":0},"end":{"line":241,"column":14}},"241":{"start":{"line":242,"column":0},"end":{"line":242,"column":20}},"242":{"start":{"line":243,"column":0},"end":{"line":243,"column":27}},"243":{"start":{"line":244,"column":0},"end":{"line":244,"column":26}},"244":{"start":{"line":245,"column":0},"end":{"line":245,"column":20}},"245":{"start":{"line":246,"column":0},"end":{"line":246,"column":57}},"246":{"start":{"line":247,"column":0},"end":{"line":247,"column":27}},"247":{"start":{"line":248,"column":0},"end":{"line":248,"column":28}},"248":{"start":{"line":249,"column":0},"end":{"line":249,"column":21}},"249":{"start":{"line":250,"column":0},"end":{"line":250,"column":1}},"250":{"start":{"line":251,"column":0},"end":{"line":251,"column":0}},"251":{"start":{"line":252,"column":0},"end":{"line":252,"column":3}},"252":{"start":{"line":253,"column":0},"end":{"line":253,"column":22}},"253":{"start":{"line":254,"column":0},"end":{"line":254,"column":3}},"254":{"start":{"line":255,"column":0},"end":{"line":255,"column":60}},"255":{"start":{"line":256,"column":0},"end":{"line":256,"column":19}},"256":{"start":{"line":257,"column":0},"end":{"line":257,"column":15}},"257":{"start":{"line":258,"column":0},"end":{"line":258,"column":15}},"258":{"start":{"line":259,"column":0},"end":{"line":259,"column":17}},"259":{"start":{"line":260,"column":0},"end":{"line":260,"column":35}},"260":{"start":{"line":261,"column":0},"end":{"line":261,"column":34}},"261":{"start":{"line":262,"column":0},"end":{"line":262,"column":34}},"262":{"start":{"line":263,"column":0},"end":{"line":263,"column":26}},"263":{"start":{"line":264,"column":0},"end":{"line":264,"column":27}},"264":{"start":{"line":265,"column":0},"end":{"line":265,"column":28}},"265":{"start":{"line":266,"column":0},"end":{"line":266,"column":45}},"266":{"start":{"line":267,"column":0},"end":{"line":267,"column":36}},"267":{"start":{"line":268,"column":0},"end":{"line":268,"column":32}},"268":{"start":{"line":269,"column":0},"end":{"line":269,"column":27}},"269":{"start":{"line":270,"column":0},"end":{"line":270,"column":21}},"270":{"start":{"line":271,"column":0},"end":{"line":271,"column":1}},"271":{"start":{"line":272,"column":0},"end":{"line":272,"column":0}},"272":{"start":{"line":273,"column":0},"end":{"line":273,"column":3}},"273":{"start":{"line":274,"column":0},"end":{"line":274,"column":22}},"274":{"start":{"line":275,"column":0},"end":{"line":275,"column":3}},"275":{"start":{"line":276,"column":0},"end":{"line":276,"column":60}},"276":{"start":{"line":277,"column":0},"end":{"line":277,"column":19}},"277":{"start":{"line":278,"column":0},"end":{"line":278,"column":21}},"278":{"start":{"line":279,"column":0},"end":{"line":279,"column":30}},"279":{"start":{"line":280,"column":0},"end":{"line":280,"column":20}},"280":{"start":{"line":281,"column":0},"end":{"line":281,"column":17}},"281":{"start":{"line":282,"column":0},"end":{"line":282,"column":24}},"282":{"start":{"line":283,"column":0},"end":{"line":283,"column":20}},"283":{"start":{"line":284,"column":0},"end":{"line":284,"column":25}},"284":{"start":{"line":285,"column":0},"end":{"line":285,"column":32}},"285":{"start":{"line":286,"column":0},"end":{"line":286,"column":29}},"286":{"start":{"line":287,"column":0},"end":{"line":287,"column":35}},"287":{"start":{"line":288,"column":0},"end":{"line":288,"column":31}},"288":{"start":{"line":289,"column":0},"end":{"line":289,"column":4}},"289":{"start":{"line":290,"column":0},"end":{"line":290,"column":21}},"290":{"start":{"line":291,"column":0},"end":{"line":291,"column":19}},"291":{"start":{"line":292,"column":0},"end":{"line":292,"column":19}},"292":{"start":{"line":293,"column":0},"end":{"line":293,"column":18}},"293":{"start":{"line":294,"column":0},"end":{"line":294,"column":18}},"294":{"start":{"line":295,"column":0},"end":{"line":295,"column":22}},"295":{"start":{"line":296,"column":0},"end":{"line":296,"column":18}},"296":{"start":{"line":297,"column":0},"end":{"line":297,"column":34}},"297":{"start":{"line":298,"column":0},"end":{"line":298,"column":25}},"298":{"start":{"line":299,"column":0},"end":{"line":299,"column":4}},"299":{"start":{"line":300,"column":0},"end":{"line":300,"column":18}},"300":{"start":{"line":301,"column":0},"end":{"line":301,"column":18}},"301":{"start":{"line":302,"column":0},"end":{"line":302,"column":17}},"302":{"start":{"line":303,"column":0},"end":{"line":303,"column":33}},"303":{"start":{"line":304,"column":0},"end":{"line":304,"column":23}},"304":{"start":{"line":305,"column":0},"end":{"line":305,"column":26}},"305":{"start":{"line":306,"column":0},"end":{"line":306,"column":24}},"306":{"start":{"line":307,"column":0},"end":{"line":307,"column":38}},"307":{"start":{"line":308,"column":0},"end":{"line":308,"column":4}},"308":{"start":{"line":309,"column":0},"end":{"line":309,"column":12}},"309":{"start":{"line":310,"column":0},"end":{"line":310,"column":21}},"310":{"start":{"line":311,"column":0},"end":{"line":311,"column":26}},"311":{"start":{"line":312,"column":0},"end":{"line":312,"column":21}},"312":{"start":{"line":313,"column":0},"end":{"line":313,"column":27}},"313":{"start":{"line":314,"column":0},"end":{"line":314,"column":16}},"314":{"start":{"line":315,"column":0},"end":{"line":315,"column":18}},"315":{"start":{"line":316,"column":0},"end":{"line":316,"column":25}},"316":{"start":{"line":317,"column":0},"end":{"line":317,"column":31}},"317":{"start":{"line":318,"column":0},"end":{"line":318,"column":20}},"318":{"start":{"line":319,"column":0},"end":{"line":319,"column":22}},"319":{"start":{"line":320,"column":0},"end":{"line":320,"column":31}},"320":{"start":{"line":321,"column":0},"end":{"line":321,"column":37}},"321":{"start":{"line":322,"column":0},"end":{"line":322,"column":26}},"322":{"start":{"line":323,"column":0},"end":{"line":323,"column":28}},"323":{"start":{"line":324,"column":0},"end":{"line":324,"column":4}},"324":{"start":{"line":325,"column":0},"end":{"line":325,"column":28}},"325":{"start":{"line":326,"column":0},"end":{"line":326,"column":14}},"326":{"start":{"line":327,"column":0},"end":{"line":327,"column":21}},"327":{"start":{"line":328,"column":0},"end":{"line":328,"column":1}},"328":{"start":{"line":329,"column":0},"end":{"line":329,"column":0}},"329":{"start":{"line":330,"column":0},"end":{"line":330,"column":3}},"330":{"start":{"line":331,"column":0},"end":{"line":331,"column":21}},"331":{"start":{"line":332,"column":0},"end":{"line":332,"column":3}},"332":{"start":{"line":333,"column":0},"end":{"line":333,"column":59}},"333":{"start":{"line":334,"column":0},"end":{"line":334,"column":19}},"334":{"start":{"line":335,"column":0},"end":{"line":335,"column":14}},"335":{"start":{"line":336,"column":0},"end":{"line":336,"column":19}},"336":{"start":{"line":337,"column":0},"end":{"line":337,"column":30}},"337":{"start":{"line":338,"column":0},"end":{"line":338,"column":21}},"338":{"start":{"line":339,"column":0},"end":{"line":339,"column":1}},"339":{"start":{"line":340,"column":0},"end":{"line":340,"column":0}},"340":{"start":{"line":341,"column":0},"end":{"line":341,"column":3}},"341":{"start":{"line":342,"column":0},"end":{"line":342,"column":34}},"342":{"start":{"line":343,"column":0},"end":{"line":343,"column":3}},"343":{"start":{"line":344,"column":0},"end":{"line":344,"column":70}},"344":{"start":{"line":345,"column":0},"end":{"line":345,"column":25}},"345":{"start":{"line":346,"column":0},"end":{"line":346,"column":21}},"346":{"start":{"line":347,"column":0},"end":{"line":347,"column":15}},"347":{"start":{"line":348,"column":0},"end":{"line":348,"column":1}},"348":{"start":{"line":349,"column":0},"end":{"line":349,"column":0}},"349":{"start":{"line":350,"column":0},"end":{"line":350,"column":3}},"350":{"start":{"line":351,"column":0},"end":{"line":351,"column":17}},"351":{"start":{"line":352,"column":0},"end":{"line":352,"column":3}},"352":{"start":{"line":353,"column":0},"end":{"line":353,"column":63}},"353":{"start":{"line":354,"column":0},"end":{"line":354,"column":69}},"354":{"start":{"line":355,"column":0},"end":{"line":355,"column":69}},"355":{"start":{"line":356,"column":0},"end":{"line":356,"column":72}},"356":{"start":{"line":357,"column":0},"end":{"line":357,"column":63}},"357":{"start":{"line":358,"column":0},"end":{"line":358,"column":84}},"358":{"start":{"line":359,"column":0},"end":{"line":359,"column":79}},"359":{"start":{"line":360,"column":0},"end":{"line":360,"column":72}},"360":{"start":{"line":361,"column":0},"end":{"line":361,"column":72}},"361":{"start":{"line":362,"column":0},"end":{"line":362,"column":69}},"362":{"start":{"line":363,"column":0},"end":{"line":363,"column":49}},"363":{"start":{"line":364,"column":0},"end":{"line":364,"column":26}},"364":{"start":{"line":365,"column":0},"end":{"line":365,"column":30}},"365":{"start":{"line":366,"column":0},"end":{"line":366,"column":2}},"366":{"start":{"line":367,"column":0},"end":{"line":367,"column":0}},"367":{"start":{"line":368,"column":0},"end":{"line":368,"column":3}},"368":{"start":{"line":369,"column":0},"end":{"line":369,"column":22}},"369":{"start":{"line":370,"column":0},"end":{"line":370,"column":3}},"370":{"start":{"line":371,"column":0},"end":{"line":371,"column":30}},"371":{"start":{"line":372,"column":0},"end":{"line":372,"column":19}},"372":{"start":{"line":373,"column":0},"end":{"line":373,"column":20}},"373":{"start":{"line":374,"column":0},"end":{"line":374,"column":26}},"374":{"start":{"line":375,"column":0},"end":{"line":375,"column":26}},"375":{"start":{"line":376,"column":0},"end":{"line":376,"column":28}},"376":{"start":{"line":377,"column":0},"end":{"line":377,"column":26}},"377":{"start":{"line":378,"column":0},"end":{"line":378,"column":26}},"378":{"start":{"line":379,"column":0},"end":{"line":379,"column":25}},"379":{"start":{"line":380,"column":0},"end":{"line":380,"column":27}},"380":{"start":{"line":381,"column":0},"end":{"line":381,"column":34}},"381":{"start":{"line":382,"column":0},"end":{"line":382,"column":33}},"382":{"start":{"line":383,"column":0},"end":{"line":383,"column":36}},"383":{"start":{"line":384,"column":0},"end":{"line":384,"column":35}},"384":{"start":{"line":385,"column":0},"end":{"line":385,"column":25}},"385":{"start":{"line":386,"column":0},"end":{"line":386,"column":26}},"386":{"start":{"line":387,"column":0},"end":{"line":387,"column":0}},"387":{"start":{"line":388,"column":0},"end":{"line":388,"column":3}},"388":{"start":{"line":389,"column":0},"end":{"line":389,"column":18}},"389":{"start":{"line":390,"column":0},"end":{"line":390,"column":3}},"390":{"start":{"line":391,"column":0},"end":{"line":391,"column":33}},"391":{"start":{"line":392,"column":0},"end":{"line":392,"column":9}},"392":{"start":{"line":393,"column":0},"end":{"line":393,"column":33}},"393":{"start":{"line":394,"column":0},"end":{"line":394,"column":30}},"394":{"start":{"line":395,"column":0},"end":{"line":395,"column":23}},"395":{"start":{"line":396,"column":0},"end":{"line":396,"column":4}},"396":{"start":{"line":397,"column":0},"end":{"line":397,"column":20}},"397":{"start":{"line":398,"column":0},"end":{"line":398,"column":1}},"398":{"start":{"line":399,"column":0},"end":{"line":399,"column":0}},"399":{"start":{"line":400,"column":0},"end":{"line":400,"column":3}},"400":{"start":{"line":401,"column":0},"end":{"line":401,"column":36}},"401":{"start":{"line":402,"column":0},"end":{"line":402,"column":3}},"402":{"start":{"line":403,"column":0},"end":{"line":403,"column":26}},"403":{"start":{"line":404,"column":0},"end":{"line":404,"column":13}},"404":{"start":{"line":405,"column":0},"end":{"line":405,"column":11}},"405":{"start":{"line":406,"column":0},"end":{"line":406,"column":18}},"406":{"start":{"line":407,"column":0},"end":{"line":407,"column":14}},"407":{"start":{"line":408,"column":0},"end":{"line":408,"column":16}},"408":{"start":{"line":409,"column":0},"end":{"line":409,"column":14}},"409":{"start":{"line":410,"column":0},"end":{"line":410,"column":11}},"410":{"start":{"line":411,"column":0},"end":{"line":411,"column":13}},"411":{"start":{"line":412,"column":0},"end":{"line":412,"column":14}},"412":{"start":{"line":413,"column":0},"end":{"line":413,"column":13}},"413":{"start":{"line":414,"column":0},"end":{"line":414,"column":25}},"414":{"start":{"line":415,"column":0},"end":{"line":415,"column":0}},"415":{"start":{"line":416,"column":0},"end":{"line":416,"column":3}},"416":{"start":{"line":417,"column":0},"end":{"line":417,"column":18}},"417":{"start":{"line":418,"column":0},"end":{"line":418,"column":3}},"418":{"start":{"line":419,"column":0},"end":{"line":419,"column":27}},"419":{"start":{"line":420,"column":0},"end":{"line":420,"column":9}},"420":{"start":{"line":421,"column":0},"end":{"line":421,"column":12}},"421":{"start":{"line":422,"column":0},"end":{"line":422,"column":12}},"422":{"start":{"line":423,"column":0},"end":{"line":423,"column":12}},"423":{"start":{"line":424,"column":0},"end":{"line":424,"column":12}},"424":{"start":{"line":425,"column":0},"end":{"line":425,"column":12}},"425":{"start":{"line":426,"column":0},"end":{"line":426,"column":14}},"426":{"start":{"line":427,"column":0},"end":{"line":427,"column":16}},"427":{"start":{"line":428,"column":0},"end":{"line":428,"column":15}}},"s":{"0":1,"1":1,"2":1,"3":1,"4":1,"5":1,"6":1,"7":1,"8":1,"9":1,"10":1,"11":1,"12":1,"13":1,"14":1,"15":1,"16":1,"17":1,"18":1,"19":1,"20":1,"21":1,"22":1,"23":1,"24":1,"25":1,"26":1,"27":1,"28":1,"29":1,"30":1,"31":1,"32":1,"33":1,"34":1,"35":1,"36":1,"37":1,"38":1,"39":1,"40":1,"41":1,"42":1,"43":1,"44":1,"45":1,"46":1,"47":1,"48":1,"49":1,"50":1,"51":1,"52":1,"53":1,"54":1,"55":1,"56":1,"57":1,"58":1,"59":1,"60":1,"61":1,"62":1,"63":1,"64":1,"65":1,"66":1,"67":1,"68":1,"69":1,"70":1,"71":1,"72":1,"73":1,"74":1,"75":1,"76":1,"77":1,"78":1,"79":1,"80":1,"81":1,"82":1,"83":1,"84":1,"85":1,"86":1,"87":1,"88":1,"89":1,"90":1,"91":1,"92":1,"93":1,"94":1,"95":1,"96":1,"97":1,"98":1,"99":1,"100":1,"101":1,"102":1,"103":1,"104":1,"105":1,"106":1,"107":1,"108":1,"109":1,"110":1,"111":1,"112":1,"113":1,"114":1,"115":1,"116":1,"117":1,"118":1,"119":1,"120":1,"121":1,"122":1,"123":1,"124":1,"125":1,"126":1,"127":1,"128":1,"129":1,"130":1,"131":1,"132":1,"133":1,"134":1,"135":1,"136":1,"137":1,"138":1,"139":1,"140":1,"141":1,"142":1,"143":1,"144":1,"145":1,"146":1,"147":1,"148":1,"149":1,"150":1,"151":1,"152":1,"153":1,"154":1,"155":1,"156":1,"157":1,"158":1,"159":1,"160":1,"161":1,"162":1,"163":1,"164":1,"165":1,"166":1,"167":1,"168":1,"169":1,"170":1,"171":1,"172":1,"173":1,"174":1,"175":1,"176":1,"177":1,"178":1,"179":1,"180":1,"181":1,"182":1,"183":1,"184":1,"185":1,"186":1,"187":1,"188":1,"189":1,"190":1,"191":1,"192":1,"193":1,"194":1,"195":1,"196":1,"197":1,"198":1,"199":1,"200":1,"201":1,"202":1,"203":1,"204":1,"205":1,"206":1,"207":1,"208":1,"209":1,"210":1,"211":1,"212":1,"213":1,"214":1,"215":1,"216":1,"217":1,"218":1,"219":1,"220":1,"221":1,"222":1,"223":1,"224":1,"225":1,"226":1,"227":1,"228":1,"229":1,"230":1,"231":1,"232":1,"233":1,"234":1,"235":1,"236":1,"237":1,"238":1,"239":1,"240":1,"241":1,"242":1,"243":1,"244":1,"245":1,"246":1,"247":1,"248":1,"249":1,"250":1,"251":1,"252":1,"253":1,"254":1,"255":1,"256":1,"257":1,"258":1,"259":1,"260":1,"261":1,"262":1,"263":1,"264":1,"265":1,"266":1,"267":1,"268":1,"269":1,"270":1,"271":1,"272":1,"273":1,"274":1,"275":1,"276":1,"277":1,"278":1,"279":1,"280":1,"281":1,"282":1,"283":1,"284":1,"285":1,"286":1,"287":1,"288":1,"289":1,"290":1,"291":1,"292":1,"293":1,"294":1,"295":1,"296":1,"297":1,"298":1,"299":1,"300":1,"301":1,"302":1,"303":1,"304":1,"305":1,"306":1,"307":1,"308":1,"309":1,"310":1,"311":1,"312":1,"313":1,"314":1,"315":1,"316":1,"317":1,"318":1,"319":1,"320":1,"321":1,"322":1,"323":1,"324":1,"325":1,"326":1,"327":1,"328":1,"329":1,"330":1,"331":1,"332":1,"333":1,"334":1,"335":1,"336":1,"337":1,"338":1,"339":1,"340":1,"341":1,"342":1,"343":1,"344":1,"345":1,"346":1,"347":1,"348":1,"349":1,"350":1,"351":1,"352":1,"353":1,"354":1,"355":1,"356":1,"357":1,"358":1,"359":1,"360":1,"361":1,"362":1,"363":1,"364":1,"365":1,"366":1,"367":1,"368":1,"369":1,"370":1,"371":1,"372":1,"373":1,"374":1,"375":1,"376":1,"377":1,"378":1,"379":1,"380":1,"381":1,"382":1,"383":1,"384":1,"385":1,"386":1,"387":1,"388":1,"389":1,"390":1,"391":1,"392":1,"393":1,"394":1,"395":1,"396":1,"397":1,"398":1,"399":1,"400":1,"401":1,"402":1,"403":1,"404":1,"405":1,"406":1,"407":1,"408":1,"409":1,"410":1,"411":1,"412":1,"413":1,"414":1,"415":1,"416":1,"417":1,"418":1,"419":1,"420":1,"421":1,"422":1,"423":1,"424":1,"425":1,"426":1,"427":1},"branchMap":{},"b":{},"fnMap":{},"f":{}}
}
